{"uid":"43b6c70a0e817f5e","name":"Позитивный тест Проверка сообщения, что авто создан","fullName":"tests.ui.CarTest.createCar","historyId":"6a60ddec37439a32928a4f2723cdb337","time":{"start":1755668496016,"stop":1755668499388,"duration":3372},"description":"Проверка сообщения, что авто создан","descriptionHtml":"<p>Проверка сообщения, что авто создан</p>\n","status":"broken","statusMessage":"stale element reference: stale element not found in the current frame\n  (Session info: chrome=139.0.7258.66)\nFor documentation on this error, please visit: https://www.selenium.dev/documentation/webdriver/troubleshooting/errors#stale-element-reference-exception\nBuild info: version: '4.32.0', revision: 'd17c8aa950'\nSystem info: os.name: 'Linux', os.arch: 'amd64', os.version: '6.11.0-1018-azure', java.version: '17.0.16'\nDriver info: org.openqa.selenium.chrome.ChromeDriver\nCommand: [372988740eb455b4d025ff4f38f7637a, clickElement {id=f.90DD504D4CE0709B4403245D2675EFCD.d.82A2EF5721A3688FDC3375179566A766.e.20}]\nCapabilities {acceptInsecureCerts: false, browserName: chrome, browserVersion: 139.0.7258.66, chrome: {chromedriverVersion: 139.0.7258.66 (a62d32994769..., userDataDir: /tmp/.org.chromium.Chromium...}, fedcm:accounts: true, goog:chromeOptions: {debuggerAddress: localhost:35815}, networkConnectionEnabled: false, pageLoadStrategy: normal, platformName: linux, proxy: Proxy(), se:cdp: ws://localhost:35815/devtoo..., se:cdpVersion: 139.0.7258.66, setWindowRect: true, strictFileInteractability: false, timeouts: {implicit: 0, pageLoad: 300000, script: 30000}, unhandledPromptBehavior: dismiss and notify, webauthn:extension:credBlob: true, webauthn:extension:largeBlob: true, webauthn:extension:minPinLength: true, webauthn:extension:prf: true, webauthn:virtualAuthenticators: true}\nElement: [[ChromeDriver: chrome on linux (372988740eb455b4d025ff4f38f7637a)] -> css selector: button.tableButton.btn.btn-primary]\nSession ID: 372988740eb455b4d025ff4f38f7637a","statusTrace":"org.openqa.selenium.StaleElementReferenceException: stale element reference: stale element not found in the current frame\n  (Session info: chrome=139.0.7258.66)\nFor documentation on this error, please visit: https://www.selenium.dev/documentation/webdriver/troubleshooting/errors#stale-element-reference-exception\nBuild info: version: '4.32.0', revision: 'd17c8aa950'\nSystem info: os.name: 'Linux', os.arch: 'amd64', os.version: '6.11.0-1018-azure', java.version: '17.0.16'\nDriver info: org.openqa.selenium.chrome.ChromeDriver\nCommand: [372988740eb455b4d025ff4f38f7637a, clickElement {id=f.90DD504D4CE0709B4403245D2675EFCD.d.82A2EF5721A3688FDC3375179566A766.e.20}]\nCapabilities {acceptInsecureCerts: false, browserName: chrome, browserVersion: 139.0.7258.66, chrome: {chromedriverVersion: 139.0.7258.66 (a62d32994769..., userDataDir: /tmp/.org.chromium.Chromium...}, fedcm:accounts: true, goog:chromeOptions: {debuggerAddress: localhost:35815}, networkConnectionEnabled: false, pageLoadStrategy: normal, platformName: linux, proxy: Proxy(), se:cdp: ws://localhost:35815/devtoo..., se:cdpVersion: 139.0.7258.66, setWindowRect: true, strictFileInteractability: false, timeouts: {implicit: 0, pageLoad: 300000, script: 30000}, unhandledPromptBehavior: dismiss and notify, webauthn:extension:credBlob: true, webauthn:extension:largeBlob: true, webauthn:extension:minPinLength: true, webauthn:extension:prf: true, webauthn:virtualAuthenticators: true}\nElement: [[ChromeDriver: chrome on linux (372988740eb455b4d025ff4f38f7637a)] -> css selector: button.tableButton.btn.btn-primary]\nSession ID: 372988740eb455b4d025ff4f38f7637a\n\tat jdk.internal.reflect.GeneratedConstructorAccessor95.newInstance(Unknown Source)\n\tat java.base/jdk.internal.reflect.DelegatingConstructorAccessorImpl.newInstance(DelegatingConstructorAccessorImpl.java:45)\n\tat java.base/java.lang.reflect.Constructor.newInstanceWithCaller(Constructor.java:500)\n\tat java.base/java.lang.reflect.Constructor.newInstance(Constructor.java:481)\n\tat org.openqa.selenium.remote.ErrorCodec.decode(ErrorCodec.java:167)\n\tat org.openqa.selenium.remote.codec.w3c.W3CHttpResponseCodec.decode(W3CHttpResponseCodec.java:138)\n\tat org.openqa.selenium.remote.codec.w3c.W3CHttpResponseCodec.decode(W3CHttpResponseCodec.java:50)\n\tat org.openqa.selenium.remote.HttpCommandExecutor.execute(HttpCommandExecutor.java:215)\n\tat org.openqa.selenium.remote.service.DriverCommandExecutor.invokeExecute(DriverCommandExecutor.java:216)\n\tat org.openqa.selenium.remote.service.DriverCommandExecutor.execute(DriverCommandExecutor.java:174)\n\tat org.openqa.selenium.remote.RemoteWebDriver.execute(RemoteWebDriver.java:545)\n\tat org.openqa.selenium.remote.RemoteWebElement.execute(RemoteWebElement.java:223)\n\tat org.openqa.selenium.remote.RemoteWebElement.click(RemoteWebElement.java:76)\n\tat pages.CreateCarsPage.clickCreateCar(CreateCarsPage.java:55)\n\tat steps.ui.CreateCarStep.createCar(CreateCarStep.java:23)\n\tat tests.ui.CarTest.createCar(CarTest.java:29)\n\tat java.base/jdk.internal.reflect.NativeMethodAccessorImpl.invoke0(Native Method)\n\tat java.base/jdk.internal.reflect.NativeMethodAccessorImpl.invoke(NativeMethodAccessorImpl.java:77)\n\tat java.base/jdk.internal.reflect.DelegatingMethodAccessorImpl.invoke(DelegatingMethodAccessorImpl.java:43)\n\tat java.base/java.lang.reflect.Method.invoke(Method.java:569)\n\tat org.testng.internal.invokers.MethodInvocationHelper.invokeMethod(MethodInvocationHelper.java:141)\n\tat org.testng.internal.invokers.TestInvoker.invokeMethod(TestInvoker.java:687)\n\tat org.testng.internal.invokers.TestInvoker.retryFailed(TestInvoker.java:269)\n\tat org.testng.internal.invokers.MethodRunner.runInSequence(MethodRunner.java:76)\n\tat org.testng.internal.invokers.TestInvoker$MethodInvocationAgent.invoke(TestInvoker.java:995)\n\tat org.testng.internal.invokers.TestInvoker.invokeTestMethods(TestInvoker.java:203)\n\tat org.testng.internal.invokers.TestMethodWorker.invokeTestMethods(TestMethodWorker.java:154)\n\tat org.testng.internal.invokers.TestMethodWorker.run(TestMethodWorker.java:134)\n\tat java.base/java.util.ArrayList.forEach(ArrayList.java:1511)\n\tat org.testng.TestRunner.privateRun(TestRunner.java:741)\n\tat org.testng.TestRunner.run(TestRunner.java:616)\n\tat org.testng.SuiteRunner.runTest(SuiteRunner.java:421)\n\tat org.testng.SuiteRunner$SuiteWorker.run(SuiteRunner.java:463)\n\tat org.testng.internal.thread.ThreadUtil.lambda$execute$0(ThreadUtil.java:64)\n\tat java.base/java.util.concurrent.FutureTask.run(FutureTask.java:264)\n\tat java.base/java.util.concurrent.ThreadPoolExecutor.runWorker(ThreadPoolExecutor.java:1136)\n\tat java.base/java.util.concurrent.ThreadPoolExecutor$Worker.run(ThreadPoolExecutor.java:635)\n\tat java.base/java.lang.Thread.run(Thread.java:840)\n","flaky":false,"newFailed":false,"newBroken":false,"newPassed":false,"retriesCount":3,"retriesStatusChange":true,"beforeStages":[{"name":"Настройка браузера","time":{"start":1755668495731,"stop":1755668496015,"duration":284},"description":"Настройка браузера","status":"passed","steps":[],"attachments":[],"parameters":[],"stepsCount":0,"shouldDisplayMessage":false,"attachmentsCount":0,"hasContent":false,"attachmentStep":false}],"testStage":{"description":"Проверка сообщения, что авто создан","status":"broken","statusMessage":"stale element reference: stale element not found in the current frame\n  (Session info: chrome=139.0.7258.66)\nFor documentation on this error, please visit: https://www.selenium.dev/documentation/webdriver/troubleshooting/errors#stale-element-reference-exception\nBuild info: version: '4.32.0', revision: 'd17c8aa950'\nSystem info: os.name: 'Linux', os.arch: 'amd64', os.version: '6.11.0-1018-azure', java.version: '17.0.16'\nDriver info: org.openqa.selenium.chrome.ChromeDriver\nCommand: [372988740eb455b4d025ff4f38f7637a, clickElement {id=f.90DD504D4CE0709B4403245D2675EFCD.d.82A2EF5721A3688FDC3375179566A766.e.20}]\nCapabilities {acceptInsecureCerts: false, browserName: chrome, browserVersion: 139.0.7258.66, chrome: {chromedriverVersion: 139.0.7258.66 (a62d32994769..., userDataDir: /tmp/.org.chromium.Chromium...}, fedcm:accounts: true, goog:chromeOptions: {debuggerAddress: localhost:35815}, networkConnectionEnabled: false, pageLoadStrategy: normal, platformName: linux, proxy: Proxy(), se:cdp: ws://localhost:35815/devtoo..., se:cdpVersion: 139.0.7258.66, setWindowRect: true, strictFileInteractability: false, timeouts: {implicit: 0, pageLoad: 300000, script: 30000}, unhandledPromptBehavior: dismiss and notify, webauthn:extension:credBlob: true, webauthn:extension:largeBlob: true, webauthn:extension:minPinLength: true, webauthn:extension:prf: true, webauthn:virtualAuthenticators: true}\nElement: [[ChromeDriver: chrome on linux (372988740eb455b4d025ff4f38f7637a)] -> css selector: button.tableButton.btn.btn-primary]\nSession ID: 372988740eb455b4d025ff4f38f7637a","statusTrace":"org.openqa.selenium.StaleElementReferenceException: stale element reference: stale element not found in the current frame\n  (Session info: chrome=139.0.7258.66)\nFor documentation on this error, please visit: https://www.selenium.dev/documentation/webdriver/troubleshooting/errors#stale-element-reference-exception\nBuild info: version: '4.32.0', revision: 'd17c8aa950'\nSystem info: os.name: 'Linux', os.arch: 'amd64', os.version: '6.11.0-1018-azure', java.version: '17.0.16'\nDriver info: org.openqa.selenium.chrome.ChromeDriver\nCommand: [372988740eb455b4d025ff4f38f7637a, clickElement {id=f.90DD504D4CE0709B4403245D2675EFCD.d.82A2EF5721A3688FDC3375179566A766.e.20}]\nCapabilities {acceptInsecureCerts: false, browserName: chrome, browserVersion: 139.0.7258.66, chrome: {chromedriverVersion: 139.0.7258.66 (a62d32994769..., userDataDir: /tmp/.org.chromium.Chromium...}, fedcm:accounts: true, goog:chromeOptions: {debuggerAddress: localhost:35815}, networkConnectionEnabled: false, pageLoadStrategy: normal, platformName: linux, proxy: Proxy(), se:cdp: ws://localhost:35815/devtoo..., se:cdpVersion: 139.0.7258.66, setWindowRect: true, strictFileInteractability: false, timeouts: {implicit: 0, pageLoad: 300000, script: 30000}, unhandledPromptBehavior: dismiss and notify, webauthn:extension:credBlob: true, webauthn:extension:largeBlob: true, webauthn:extension:minPinLength: true, webauthn:extension:prf: true, webauthn:virtualAuthenticators: true}\nElement: [[ChromeDriver: chrome on linux (372988740eb455b4d025ff4f38f7637a)] -> css selector: button.tableButton.btn.btn-primary]\nSession ID: 372988740eb455b4d025ff4f38f7637a\n\tat jdk.internal.reflect.GeneratedConstructorAccessor95.newInstance(Unknown Source)\n\tat java.base/jdk.internal.reflect.DelegatingConstructorAccessorImpl.newInstance(DelegatingConstructorAccessorImpl.java:45)\n\tat java.base/java.lang.reflect.Constructor.newInstanceWithCaller(Constructor.java:500)\n\tat java.base/java.lang.reflect.Constructor.newInstance(Constructor.java:481)\n\tat org.openqa.selenium.remote.ErrorCodec.decode(ErrorCodec.java:167)\n\tat org.openqa.selenium.remote.codec.w3c.W3CHttpResponseCodec.decode(W3CHttpResponseCodec.java:138)\n\tat org.openqa.selenium.remote.codec.w3c.W3CHttpResponseCodec.decode(W3CHttpResponseCodec.java:50)\n\tat org.openqa.selenium.remote.HttpCommandExecutor.execute(HttpCommandExecutor.java:215)\n\tat org.openqa.selenium.remote.service.DriverCommandExecutor.invokeExecute(DriverCommandExecutor.java:216)\n\tat org.openqa.selenium.remote.service.DriverCommandExecutor.execute(DriverCommandExecutor.java:174)\n\tat org.openqa.selenium.remote.RemoteWebDriver.execute(RemoteWebDriver.java:545)\n\tat org.openqa.selenium.remote.RemoteWebElement.execute(RemoteWebElement.java:223)\n\tat org.openqa.selenium.remote.RemoteWebElement.click(RemoteWebElement.java:76)\n\tat pages.CreateCarsPage.clickCreateCar(CreateCarsPage.java:55)\n\tat steps.ui.CreateCarStep.createCar(CreateCarStep.java:23)\n\tat tests.ui.CarTest.createCar(CarTest.java:29)\n\tat java.base/jdk.internal.reflect.NativeMethodAccessorImpl.invoke0(Native Method)\n\tat java.base/jdk.internal.reflect.NativeMethodAccessorImpl.invoke(NativeMethodAccessorImpl.java:77)\n\tat java.base/jdk.internal.reflect.DelegatingMethodAccessorImpl.invoke(DelegatingMethodAccessorImpl.java:43)\n\tat java.base/java.lang.reflect.Method.invoke(Method.java:569)\n\tat org.testng.internal.invokers.MethodInvocationHelper.invokeMethod(MethodInvocationHelper.java:141)\n\tat org.testng.internal.invokers.TestInvoker.invokeMethod(TestInvoker.java:687)\n\tat org.testng.internal.invokers.TestInvoker.retryFailed(TestInvoker.java:269)\n\tat org.testng.internal.invokers.MethodRunner.runInSequence(MethodRunner.java:76)\n\tat org.testng.internal.invokers.TestInvoker$MethodInvocationAgent.invoke(TestInvoker.java:995)\n\tat org.testng.internal.invokers.TestInvoker.invokeTestMethods(TestInvoker.java:203)\n\tat org.testng.internal.invokers.TestMethodWorker.invokeTestMethods(TestMethodWorker.java:154)\n\tat org.testng.internal.invokers.TestMethodWorker.run(TestMethodWorker.java:134)\n\tat java.base/java.util.ArrayList.forEach(ArrayList.java:1511)\n\tat org.testng.TestRunner.privateRun(TestRunner.java:741)\n\tat org.testng.TestRunner.run(TestRunner.java:616)\n\tat org.testng.SuiteRunner.runTest(SuiteRunner.java:421)\n\tat org.testng.SuiteRunner$SuiteWorker.run(SuiteRunner.java:463)\n\tat org.testng.internal.thread.ThreadUtil.lambda$execute$0(ThreadUtil.java:64)\n\tat java.base/java.util.concurrent.FutureTask.run(FutureTask.java:264)\n\tat java.base/java.util.concurrent.ThreadPoolExecutor.runWorker(ThreadPoolExecutor.java:1136)\n\tat java.base/java.util.concurrent.ThreadPoolExecutor$Worker.run(ThreadPoolExecutor.java:635)\n\tat java.base/java.lang.Thread.run(Thread.java:840)\n","steps":[{"name":"Открытие страницы входа в систему","time":{"start":1755668496017,"stop":1755668498179,"duration":2162},"status":"passed","steps":[],"attachments":[],"parameters":[],"stepsCount":0,"shouldDisplayMessage":false,"attachmentsCount":0,"hasContent":false,"attachmentStep":false},{"name":"Проверка открытия страницы логина","time":{"start":1755668498179,"stop":1755668498193,"duration":14},"status":"passed","steps":[],"attachments":[],"parameters":[],"stepsCount":0,"shouldDisplayMessage":false,"attachmentsCount":0,"hasContent":false,"attachmentStep":false},{"name":"Вход в систему с валидным именем пользователя: user@pflb.ru и валидным паролем: user","time":{"start":1755668498193,"stop":1755668498351,"duration":158},"status":"passed","steps":[],"attachments":[],"parameters":[{"name":"user","value":"user@pflb.ru"},{"name":"password","value":"user"}],"stepsCount":0,"shouldDisplayMessage":false,"attachmentsCount":0,"hasContent":true,"attachmentStep":false},{"name":"Клик по кнопке 'ок' алерта","time":{"start":1755668498351,"stop":1755668498891,"duration":540},"status":"passed","steps":[],"attachments":[],"parameters":[],"stepsCount":0,"shouldDisplayMessage":false,"attachmentsCount":0,"hasContent":false,"attachmentStep":false},{"name":"Проверка открытия страницы логина","time":{"start":1755668498891,"stop":1755668499105,"duration":214},"status":"passed","steps":[],"attachments":[],"parameters":[],"stepsCount":0,"shouldDisplayMessage":false,"attachmentsCount":0,"hasContent":false,"attachmentStep":false},{"name":"Создание Car","time":{"start":1755668499105,"stop":1755668499387,"duration":282},"status":"broken","statusMessage":"stale element reference: stale element not found in the current frame\n  (Session info: chrome=139.0.7258.66)\nFor documentation on this error, please visit: https://www.selenium.dev/documentation/webdriver/troubleshooting/errors#stale-element-reference-exception\nBuild info: version: '4.32.0', revision: 'd17c8aa950'\nSystem info: os.name: 'Linux', os.arch: 'amd64', os.version: '6.11.0-1018-azure', java.version: '17.0.16'\nDriver info: org.openqa.selenium.chrome.ChromeDriver\nCommand: [372988740eb455b4d025ff4f38f7637a, clickElement {id=f.90DD504D4CE0709B4403245D2675EFCD.d.82A2EF5721A3688FDC3375179566A766.e.20}]\nCapabilities {acceptInsecureCerts: false, browserName: chrome, browserVersion: 139.0.7258.66, chrome: {chromedriverVersion: 139.0.7258.66 (a62d32994769..., userDataDir: /tmp/.org.chromium.Chromium...}, fedcm:accounts: true, goog:chromeOptions: {debuggerAddress: localhost:35815}, networkConnectionEnabled: false, pageLoadStrategy: normal, platformName: linux, proxy: Proxy(), se:cdp: ws://localhost:35815/devtoo..., se:cdpVersion: 139.0.7258.66, setWindowRect: true, strictFileInteractability: false, timeouts: {implicit: 0, pageLoad: 300000, script: 30000}, unhandledPromptBehavior: dismiss and notify, webauthn:extension:credBlob: true, webauthn:extension:largeBlob: true, webauthn:extension:minPinLength: true, webauthn:extension:prf: true, webauthn:virtualAuthenticators: true}\nElement: [[ChromeDriver: chrome on linux (372988740eb455b4d025ff4f38f7637a)] -> css selector: button.tableButton.btn.btn-primary]\nSession ID: 372988740eb455b4d025ff4f38f7637a","statusTrace":"org.openqa.selenium.StaleElementReferenceException: stale element reference: stale element not found in the current frame\n  (Session info: chrome=139.0.7258.66)\nFor documentation on this error, please visit: https://www.selenium.dev/documentation/webdriver/troubleshooting/errors#stale-element-reference-exception\nBuild info: version: '4.32.0', revision: 'd17c8aa950'\nSystem info: os.name: 'Linux', os.arch: 'amd64', os.version: '6.11.0-1018-azure', java.version: '17.0.16'\nDriver info: org.openqa.selenium.chrome.ChromeDriver\nCommand: [372988740eb455b4d025ff4f38f7637a, clickElement {id=f.90DD504D4CE0709B4403245D2675EFCD.d.82A2EF5721A3688FDC3375179566A766.e.20}]\nCapabilities {acceptInsecureCerts: false, browserName: chrome, browserVersion: 139.0.7258.66, chrome: {chromedriverVersion: 139.0.7258.66 (a62d32994769..., userDataDir: /tmp/.org.chromium.Chromium...}, fedcm:accounts: true, goog:chromeOptions: {debuggerAddress: localhost:35815}, networkConnectionEnabled: false, pageLoadStrategy: normal, platformName: linux, proxy: Proxy(), se:cdp: ws://localhost:35815/devtoo..., se:cdpVersion: 139.0.7258.66, setWindowRect: true, strictFileInteractability: false, timeouts: {implicit: 0, pageLoad: 300000, script: 30000}, unhandledPromptBehavior: dismiss and notify, webauthn:extension:credBlob: true, webauthn:extension:largeBlob: true, webauthn:extension:minPinLength: true, webauthn:extension:prf: true, webauthn:virtualAuthenticators: true}\nElement: [[ChromeDriver: chrome on linux (372988740eb455b4d025ff4f38f7637a)] -> css selector: button.tableButton.btn.btn-primary]\nSession ID: 372988740eb455b4d025ff4f38f7637a\n\tat jdk.internal.reflect.GeneratedConstructorAccessor95.newInstance(Unknown Source)\n\tat java.base/jdk.internal.reflect.DelegatingConstructorAccessorImpl.newInstance(DelegatingConstructorAccessorImpl.java:45)\n\tat java.base/java.lang.reflect.Constructor.newInstanceWithCaller(Constructor.java:500)\n\tat java.base/java.lang.reflect.Constructor.newInstance(Constructor.java:481)\n\tat org.openqa.selenium.remote.ErrorCodec.decode(ErrorCodec.java:167)\n\tat org.openqa.selenium.remote.codec.w3c.W3CHttpResponseCodec.decode(W3CHttpResponseCodec.java:138)\n\tat org.openqa.selenium.remote.codec.w3c.W3CHttpResponseCodec.decode(W3CHttpResponseCodec.java:50)\n\tat org.openqa.selenium.remote.HttpCommandExecutor.execute(HttpCommandExecutor.java:215)\n\tat org.openqa.selenium.remote.service.DriverCommandExecutor.invokeExecute(DriverCommandExecutor.java:216)\n\tat org.openqa.selenium.remote.service.DriverCommandExecutor.execute(DriverCommandExecutor.java:174)\n\tat org.openqa.selenium.remote.RemoteWebDriver.execute(RemoteWebDriver.java:545)\n\tat org.openqa.selenium.remote.RemoteWebElement.execute(RemoteWebElement.java:223)\n\tat org.openqa.selenium.remote.RemoteWebElement.click(RemoteWebElement.java:76)\n\tat pages.CreateCarsPage.clickCreateCar(CreateCarsPage.java:55)\n\tat steps.ui.CreateCarStep.createCar(CreateCarStep.java:23)\n\tat tests.ui.CarTest.createCar(CarTest.java:29)\n\tat java.base/jdk.internal.reflect.NativeMethodAccessorImpl.invoke0(Native Method)\n\tat java.base/jdk.internal.reflect.NativeMethodAccessorImpl.invoke(NativeMethodAccessorImpl.java:77)\n\tat java.base/jdk.internal.reflect.DelegatingMethodAccessorImpl.invoke(DelegatingMethodAccessorImpl.java:43)\n\tat java.base/java.lang.reflect.Method.invoke(Method.java:569)\n\tat org.testng.internal.invokers.MethodInvocationHelper.invokeMethod(MethodInvocationHelper.java:141)\n\tat org.testng.internal.invokers.TestInvoker.invokeMethod(TestInvoker.java:687)\n\tat org.testng.internal.invokers.TestInvoker.retryFailed(TestInvoker.java:269)\n\tat org.testng.internal.invokers.MethodRunner.runInSequence(MethodRunner.java:76)\n\tat org.testng.internal.invokers.TestInvoker$MethodInvocationAgent.invoke(TestInvoker.java:995)\n\tat org.testng.internal.invokers.TestInvoker.invokeTestMethods(TestInvoker.java:203)\n\tat org.testng.internal.invokers.TestMethodWorker.invokeTestMethods(TestMethodWorker.java:154)\n\tat org.testng.internal.invokers.TestMethodWorker.run(TestMethodWorker.java:134)\n\tat java.base/java.util.ArrayList.forEach(ArrayList.java:1511)\n\tat org.testng.TestRunner.privateRun(TestRunner.java:741)\n\tat org.testng.TestRunner.run(TestRunner.java:616)\n\tat org.testng.SuiteRunner.runTest(SuiteRunner.java:421)\n\tat org.testng.SuiteRunner$SuiteWorker.run(SuiteRunner.java:463)\n\tat org.testng.internal.thread.ThreadUtil.lambda$execute$0(ThreadUtil.java:64)\n\tat java.base/java.util.concurrent.FutureTask.run(FutureTask.java:264)\n\tat java.base/java.util.concurrent.ThreadPoolExecutor.runWorker(ThreadPoolExecutor.java:1136)\n\tat java.base/java.util.concurrent.ThreadPoolExecutor$Worker.run(ThreadPoolExecutor.java:635)\n\tat java.base/java.lang.Thread.run(Thread.java:840)\n","steps":[{"name":"Открытие страницы создания авто","time":{"start":1755668499106,"stop":1755668499131,"duration":25},"status":"passed","steps":[],"attachments":[],"parameters":[],"stepsCount":0,"shouldDisplayMessage":false,"attachmentsCount":0,"hasContent":false,"attachmentStep":false},{"name":"Проверка открытия страницы","time":{"start":1755668499131,"stop":1755668499141,"duration":10},"status":"passed","steps":[],"attachments":[],"parameters":[],"stepsCount":0,"shouldDisplayMessage":false,"attachmentsCount":0,"hasContent":false,"attachmentStep":false},{"name":"Заполнение карточки авто","time":{"start":1755668499141,"stop":1755668499333,"duration":192},"status":"passed","steps":[],"attachments":[],"parameters":[{"name":"car","value":"Car(engine=Electric, mark=tesla, model=model s, price=3063)"}],"stepsCount":0,"shouldDisplayMessage":false,"attachmentsCount":0,"hasContent":true,"attachmentStep":false},{"name":"Клик по кнопке PUSH TO API","time":{"start":1755668499334,"stop":1755668499387,"duration":53},"status":"broken","statusMessage":"stale element reference: stale element not found in the current frame\n  (Session info: chrome=139.0.7258.66)\nFor documentation on this error, please visit: https://www.selenium.dev/documentation/webdriver/troubleshooting/errors#stale-element-reference-exception\nBuild info: version: '4.32.0', revision: 'd17c8aa950'\nSystem info: os.name: 'Linux', os.arch: 'amd64', os.version: '6.11.0-1018-azure', java.version: '17.0.16'\nDriver info: org.openqa.selenium.chrome.ChromeDriver\nCommand: [372988740eb455b4d025ff4f38f7637a, clickElement {id=f.90DD504D4CE0709B4403245D2675EFCD.d.82A2EF5721A3688FDC3375179566A766.e.20}]\nCapabilities {acceptInsecureCerts: false, browserName: chrome, browserVersion: 139.0.7258.66, chrome: {chromedriverVersion: 139.0.7258.66 (a62d32994769..., userDataDir: /tmp/.org.chromium.Chromium...}, fedcm:accounts: true, goog:chromeOptions: {debuggerAddress: localhost:35815}, networkConnectionEnabled: false, pageLoadStrategy: normal, platformName: linux, proxy: Proxy(), se:cdp: ws://localhost:35815/devtoo..., se:cdpVersion: 139.0.7258.66, setWindowRect: true, strictFileInteractability: false, timeouts: {implicit: 0, pageLoad: 300000, script: 30000}, unhandledPromptBehavior: dismiss and notify, webauthn:extension:credBlob: true, webauthn:extension:largeBlob: true, webauthn:extension:minPinLength: true, webauthn:extension:prf: true, webauthn:virtualAuthenticators: true}\nElement: [[ChromeDriver: chrome on linux (372988740eb455b4d025ff4f38f7637a)] -> css selector: button.tableButton.btn.btn-primary]\nSession ID: 372988740eb455b4d025ff4f38f7637a","statusTrace":"org.openqa.selenium.StaleElementReferenceException: stale element reference: stale element not found in the current frame\n  (Session info: chrome=139.0.7258.66)\nFor documentation on this error, please visit: https://www.selenium.dev/documentation/webdriver/troubleshooting/errors#stale-element-reference-exception\nBuild info: version: '4.32.0', revision: 'd17c8aa950'\nSystem info: os.name: 'Linux', os.arch: 'amd64', os.version: '6.11.0-1018-azure', java.version: '17.0.16'\nDriver info: org.openqa.selenium.chrome.ChromeDriver\nCommand: [372988740eb455b4d025ff4f38f7637a, clickElement {id=f.90DD504D4CE0709B4403245D2675EFCD.d.82A2EF5721A3688FDC3375179566A766.e.20}]\nCapabilities {acceptInsecureCerts: false, browserName: chrome, browserVersion: 139.0.7258.66, chrome: {chromedriverVersion: 139.0.7258.66 (a62d32994769..., userDataDir: /tmp/.org.chromium.Chromium...}, fedcm:accounts: true, goog:chromeOptions: {debuggerAddress: localhost:35815}, networkConnectionEnabled: false, pageLoadStrategy: normal, platformName: linux, proxy: Proxy(), se:cdp: ws://localhost:35815/devtoo..., se:cdpVersion: 139.0.7258.66, setWindowRect: true, strictFileInteractability: false, timeouts: {implicit: 0, pageLoad: 300000, script: 30000}, unhandledPromptBehavior: dismiss and notify, webauthn:extension:credBlob: true, webauthn:extension:largeBlob: true, webauthn:extension:minPinLength: true, webauthn:extension:prf: true, webauthn:virtualAuthenticators: true}\nElement: [[ChromeDriver: chrome on linux (372988740eb455b4d025ff4f38f7637a)] -> css selector: button.tableButton.btn.btn-primary]\nSession ID: 372988740eb455b4d025ff4f38f7637a\n\tat jdk.internal.reflect.GeneratedConstructorAccessor95.newInstance(Unknown Source)\n\tat java.base/jdk.internal.reflect.DelegatingConstructorAccessorImpl.newInstance(DelegatingConstructorAccessorImpl.java:45)\n\tat java.base/java.lang.reflect.Constructor.newInstanceWithCaller(Constructor.java:500)\n\tat java.base/java.lang.reflect.Constructor.newInstance(Constructor.java:481)\n\tat org.openqa.selenium.remote.ErrorCodec.decode(ErrorCodec.java:167)\n\tat org.openqa.selenium.remote.codec.w3c.W3CHttpResponseCodec.decode(W3CHttpResponseCodec.java:138)\n\tat org.openqa.selenium.remote.codec.w3c.W3CHttpResponseCodec.decode(W3CHttpResponseCodec.java:50)\n\tat org.openqa.selenium.remote.HttpCommandExecutor.execute(HttpCommandExecutor.java:215)\n\tat org.openqa.selenium.remote.service.DriverCommandExecutor.invokeExecute(DriverCommandExecutor.java:216)\n\tat org.openqa.selenium.remote.service.DriverCommandExecutor.execute(DriverCommandExecutor.java:174)\n\tat org.openqa.selenium.remote.RemoteWebDriver.execute(RemoteWebDriver.java:545)\n\tat org.openqa.selenium.remote.RemoteWebElement.execute(RemoteWebElement.java:223)\n\tat org.openqa.selenium.remote.RemoteWebElement.click(RemoteWebElement.java:76)\n\tat pages.CreateCarsPage.clickCreateCar(CreateCarsPage.java:55)\n\tat steps.ui.CreateCarStep.createCar(CreateCarStep.java:23)\n\tat tests.ui.CarTest.createCar(CarTest.java:29)\n\tat java.base/jdk.internal.reflect.NativeMethodAccessorImpl.invoke0(Native Method)\n\tat java.base/jdk.internal.reflect.NativeMethodAccessorImpl.invoke(NativeMethodAccessorImpl.java:77)\n\tat java.base/jdk.internal.reflect.DelegatingMethodAccessorImpl.invoke(DelegatingMethodAccessorImpl.java:43)\n\tat java.base/java.lang.reflect.Method.invoke(Method.java:569)\n\tat org.testng.internal.invokers.MethodInvocationHelper.invokeMethod(MethodInvocationHelper.java:141)\n\tat org.testng.internal.invokers.TestInvoker.invokeMethod(TestInvoker.java:687)\n\tat org.testng.internal.invokers.TestInvoker.retryFailed(TestInvoker.java:269)\n\tat org.testng.internal.invokers.MethodRunner.runInSequence(MethodRunner.java:76)\n\tat org.testng.internal.invokers.TestInvoker$MethodInvocationAgent.invoke(TestInvoker.java:995)\n\tat org.testng.internal.invokers.TestInvoker.invokeTestMethods(TestInvoker.java:203)\n\tat org.testng.internal.invokers.TestMethodWorker.invokeTestMethods(TestMethodWorker.java:154)\n\tat org.testng.internal.invokers.TestMethodWorker.run(TestMethodWorker.java:134)\n\tat java.base/java.util.ArrayList.forEach(ArrayList.java:1511)\n\tat org.testng.TestRunner.privateRun(TestRunner.java:741)\n\tat org.testng.TestRunner.run(TestRunner.java:616)\n\tat org.testng.SuiteRunner.runTest(SuiteRunner.java:421)\n\tat org.testng.SuiteRunner$SuiteWorker.run(SuiteRunner.java:463)\n\tat org.testng.internal.thread.ThreadUtil.lambda$execute$0(ThreadUtil.java:64)\n\tat java.base/java.util.concurrent.FutureTask.run(FutureTask.java:264)\n\tat java.base/java.util.concurrent.ThreadPoolExecutor.runWorker(ThreadPoolExecutor.java:1136)\n\tat java.base/java.util.concurrent.ThreadPoolExecutor$Worker.run(ThreadPoolExecutor.java:635)\n\tat java.base/java.lang.Thread.run(Thread.java:840)\n","steps":[],"attachments":[],"parameters":[],"stepsCount":0,"shouldDisplayMessage":true,"attachmentsCount":0,"hasContent":true,"attachmentStep":false}],"attachments":[],"parameters":[{"name":"car","value":"Car(engine=Electric, mark=tesla, model=model s, price=3063)"}],"stepsCount":4,"shouldDisplayMessage":false,"attachmentsCount":0,"hasContent":true,"attachmentStep":false}],"attachments":[],"parameters":[],"stepsCount":10,"shouldDisplayMessage":false,"attachmentsCount":0,"hasContent":true,"attachmentStep":false},"afterStages":[{"name":"Закрытие браузера","time":{"start":1755668499389,"stop":1755668499497,"duration":108},"description":"Закрытие браузера","status":"passed","steps":[],"attachments":[{"uid":"36b12fd6216e809e","name":"screenshot","source":"36b12fd6216e809e.png","type":"image/png","size":30067}],"parameters":[],"stepsCount":0,"shouldDisplayMessage":false,"attachmentsCount":1,"hasContent":true,"attachmentStep":false}],"labels":[{"name":"package","value":"tests.ui.CarTest"},{"name":"testClass","value":"tests.ui.CarTest"},{"name":"testMethod","value":"createCar"},{"name":"parentSuite","value":"DiplomaTeam2 RegressionTest"},{"name":"suite","value":"UI Tests"},{"name":"subSuite","value":"tests.ui.CarTest"},{"name":"host","value":"pkrvmubgrv54qmi"},{"name":"thread","value":"2669@pkrvmubgrv54qmi.TestNG-tests-1(21)"},{"name":"framework","value":"testng"},{"name":"language","value":"java"},{"name":"owner","value":"Biruykov I.D."},{"name":"resultFormat","value":"allure2"}],"parameters":[],"links":[],"hidden":false,"retry":false,"extra":{"severity":"normal","owner":"Biruykov I.D.","retries":[{"uid":"97cc7d029fa67623","status":"skipped","statusDetails":"stale element reference: stale element not found in the current frame\n  (Session info: chrome=139.0.7258.66)\nFor documentation on this error, please visit: https://www.selenium.dev/documentation/webdriver/troubleshooting/errors#stale-element-reference-exception\nBuild info: version: '4.32.0', revision: 'd17c8aa950'\nSystem info: os.name: 'Linux', os.arch: 'amd64', os.version: '6.11.0-1018-azure', java.version: '17.0.16'\nDriver info: org.openqa.selenium.chrome.ChromeDriver\nCommand: [afdd10b857c5ee62f569a28269b32987, clickElement {id=f.006A1CEE7F53D77CC5CA653EC4FAF691.d.74DDCA599454C1A7F2CCE09E6297C20C.e.20}]\nCapabilities {acceptInsecureCerts: false, browserName: chrome, browserVersion: 139.0.7258.66, chrome: {chromedriverVersion: 139.0.7258.66 (a62d32994769..., userDataDir: /tmp/.org.chromium.Chromium...}, fedcm:accounts: true, goog:chromeOptions: {debuggerAddress: localhost:45041}, networkConnectionEnabled: false, pageLoadStrategy: normal, platformName: linux, proxy: Proxy(), se:cdp: ws://localhost:45041/devtoo..., se:cdpVersion: 139.0.7258.66, setWindowRect: true, strictFileInteractability: false, timeouts: {implicit: 0, pageLoad: 300000, script: 30000}, unhandledPromptBehavior: dismiss and notify, webauthn:extension:credBlob: true, webauthn:extension:largeBlob: true, webauthn:extension:minPinLength: true, webauthn:extension:prf: true, webauthn:virtualAuthenticators: true}\nElement: [[ChromeDriver: chrome on linux (afdd10b857c5ee62f569a28269b32987)] -> css selector: button.tableButton.btn.btn-primary]\nSession ID: afdd10b857c5ee62f569a28269b32987","time":{"start":1755668491102,"stop":1755668495659,"duration":4557}},{"uid":"d264be19fe7e54d","status":"skipped","statusDetails":"stale element reference: stale element not found in the current frame\n  (Session info: chrome=139.0.7258.66)\nFor documentation on this error, please visit: https://www.selenium.dev/documentation/webdriver/troubleshooting/errors#stale-element-reference-exception\nBuild info: version: '4.32.0', revision: 'd17c8aa950'\nSystem info: os.name: 'Linux', os.arch: 'amd64', os.version: '6.11.0-1018-azure', java.version: '17.0.16'\nDriver info: org.openqa.selenium.chrome.ChromeDriver\nCommand: [e51afe6eba90e55db1255c4138d93bb3, clickElement {id=f.42C5C3088E2FC1E73361E2F6BF33F590.d.A9E644AC00257B82BCDE208DFA4AD9B5.e.18}]\nCapabilities {acceptInsecureCerts: false, browserName: chrome, browserVersion: 139.0.7258.66, chrome: {chromedriverVersion: 139.0.7258.66 (a62d32994769..., userDataDir: /tmp/.org.chromium.Chromium...}, fedcm:accounts: true, goog:chromeOptions: {debuggerAddress: localhost:38125}, networkConnectionEnabled: false, pageLoadStrategy: normal, platformName: linux, proxy: Proxy(), se:cdp: ws://localhost:38125/devtoo..., se:cdpVersion: 139.0.7258.66, setWindowRect: true, strictFileInteractability: false, timeouts: {implicit: 0, pageLoad: 300000, script: 30000}, unhandledPromptBehavior: dismiss and notify, webauthn:extension:credBlob: true, webauthn:extension:largeBlob: true, webauthn:extension:minPinLength: true, webauthn:extension:prf: true, webauthn:virtualAuthenticators: true}\nElement: [[ChromeDriver: chrome on linux (e51afe6eba90e55db1255c4138d93bb3)] -> css selector: button.tableButton.btn.btn-primary]\nSession ID: e51afe6eba90e55db1255c4138d93bb3","time":{"start":1755668487369,"stop":1755668490752,"duration":3383}},{"uid":"4999ae32e047bfce","status":"skipped","statusDetails":"element not interactable\n  (Session info: chrome=139.0.7258.66)\nBuild info: version: '4.32.0', revision: 'd17c8aa950'\nSystem info: os.name: 'Linux', os.arch: 'amd64', os.version: '6.11.0-1018-azure', java.version: '17.0.16'\nDriver info: org.openqa.selenium.chrome.ChromeDriver\nCommand: [c1a035f171113349dc4999cf653aff8e, sendKeysToElement {value=[Ljava.lang.CharSequence;@6d4f633, id=f.E2C94F0E618A7CA7DFF94B3011BBFED7.d.A5A3D71E478EEE69A507DE2F49F3C420.e.25}]\nCapabilities {acceptInsecureCerts: false, browserName: chrome, browserVersion: 139.0.7258.66, chrome: {chromedriverVersion: 139.0.7258.66 (a62d32994769..., userDataDir: /tmp/.org.chromium.Chromium...}, fedcm:accounts: true, goog:chromeOptions: {debuggerAddress: localhost:38769}, networkConnectionEnabled: false, pageLoadStrategy: normal, platformName: linux, proxy: Proxy(), se:cdp: ws://localhost:38769/devtoo..., se:cdpVersion: 139.0.7258.66, setWindowRect: true, strictFileInteractability: false, timeouts: {implicit: 0, pageLoad: 300000, script: 30000}, unhandledPromptBehavior: dismiss and notify, webauthn:extension:credBlob: true, webauthn:extension:largeBlob: true, webauthn:extension:minPinLength: true, webauthn:extension:prf: true, webauthn:virtualAuthenticators: true}\nElement: [[ChromeDriver: chrome on linux (c1a035f171113349dc4999cf653aff8e)] -> xpath: *//input[contains(@id,'price')]]\nSession ID: c1a035f171113349dc4999cf653aff8e","time":{"start":1755668483627,"stop":1755668487028,"duration":3401}}],"categories":[{"name":"Test defects","matchedStatuses":[],"flaky":false}],"history":{"statistic":{"failed":0,"broken":18,"skipped":0,"passed":0,"unknown":0,"total":18},"items":[{"uid":"7653814f1ca3f4e0","reportUrl":"https://Igorrre.github.io/DiplomaTeam2/76/#testresult/7653814f1ca3f4e0","status":"broken","statusDetails":"Expected condition failed: waiting for text ('New car ID:') to be present in element found by By.xpath: //button[@class='newId btn btn-secondary'] (tried for 20 second(s) with 500 milliseconds interval)\nBuild info: version: '4.32.0', revision: 'd17c8aa950'\nSystem info: os.name: 'Linux', os.arch: 'amd64', os.version: '6.11.0-1018-azure', java.version: '17.0.16'\nDriver info: org.openqa.selenium.chrome.ChromeDriver\nCapabilities {acceptInsecureCerts: false, browserName: chrome, browserVersion: 139.0.7258.66, chrome: {chromedriverVersion: 139.0.7258.66 (a62d32994769..., userDataDir: /tmp/.org.chromium.Chromium...}, fedcm:accounts: true, goog:chromeOptions: {debuggerAddress: localhost:40975}, networkConnectionEnabled: false, pageLoadStrategy: normal, platformName: linux, proxy: Proxy(), se:cdp: ws://localhost:40975/devtoo..., se:cdpVersion: 139.0.7258.66, setWindowRect: true, strictFileInteractability: false, timeouts: {implicit: 0, pageLoad: 300000, script: 30000}, unhandledPromptBehavior: dismiss and notify, webauthn:extension:credBlob: true, webauthn:extension:largeBlob: true, webauthn:extension:minPinLength: true, webauthn:extension:prf: true, webauthn:virtualAuthenticators: true}\nSession ID: 778d80b4158f49992b95694d1347061e","time":{"start":1755668187479,"stop":1755668210645,"duration":23166}},{"uid":"f67562cf71397070","reportUrl":"https://Igorrre.github.io/DiplomaTeam2/75/#testresult/f67562cf71397070","status":"broken","statusDetails":"Expected condition failed: waiting for text ('New car ID:') to be present in element found by By.xpath: //button[@class='newId btn btn-secondary'] (tried for 20 second(s) with 500 milliseconds interval)\nBuild info: version: '4.32.0', revision: 'd17c8aa950'\nSystem info: os.name: 'Linux', os.arch: 'amd64', os.version: '6.11.0-1018-azure', java.version: '17.0.16'\nDriver info: org.openqa.selenium.chrome.ChromeDriver\nCapabilities {acceptInsecureCerts: false, browserName: chrome, browserVersion: 139.0.7258.66, chrome: {chromedriverVersion: 139.0.7258.66 (a62d32994769..., userDataDir: /tmp/.org.chromium.Chromium...}, fedcm:accounts: true, goog:chromeOptions: {debuggerAddress: localhost:43999}, networkConnectionEnabled: false, pageLoadStrategy: normal, platformName: linux, proxy: Proxy(), se:cdp: ws://localhost:43999/devtoo..., se:cdpVersion: 139.0.7258.66, setWindowRect: true, strictFileInteractability: false, timeouts: {implicit: 0, pageLoad: 300000, script: 30000}, unhandledPromptBehavior: dismiss and notify, webauthn:extension:credBlob: true, webauthn:extension:largeBlob: true, webauthn:extension:minPinLength: true, webauthn:extension:prf: true, webauthn:virtualAuthenticators: true}\nSession ID: 45fe2b637db53c2a21bd72467c845378","time":{"start":1755636054249,"stop":1755636077396,"duration":23147}},{"uid":"e9e083eb6a9a923b","reportUrl":"https://Igorrre.github.io/DiplomaTeam2/74/#testresult/e9e083eb6a9a923b","status":"broken","statusDetails":"Expected condition failed: waiting for text ('New car ID:') to be present in element found by By.xpath: //button[@class='newId btn btn-secondary'] (tried for 20 second(s) with 500 milliseconds interval)\nBuild info: version: '4.32.0', revision: 'd17c8aa950'\nSystem info: os.name: 'Linux', os.arch: 'amd64', os.version: '6.11.0-1018-azure', java.version: '17.0.16'\nDriver info: org.openqa.selenium.chrome.ChromeDriver\nCapabilities {acceptInsecureCerts: false, browserName: chrome, browserVersion: 139.0.7258.66, chrome: {chromedriverVersion: 139.0.7258.66 (a62d32994769..., userDataDir: /tmp/.org.chromium.Chromium...}, fedcm:accounts: true, goog:chromeOptions: {debuggerAddress: localhost:40731}, networkConnectionEnabled: false, pageLoadStrategy: normal, platformName: linux, proxy: Proxy(), se:cdp: ws://localhost:40731/devtoo..., se:cdpVersion: 139.0.7258.66, setWindowRect: true, strictFileInteractability: false, timeouts: {implicit: 0, pageLoad: 300000, script: 30000}, unhandledPromptBehavior: dismiss and notify, webauthn:extension:credBlob: true, webauthn:extension:largeBlob: true, webauthn:extension:minPinLength: true, webauthn:extension:prf: true, webauthn:virtualAuthenticators: true}\nSession ID: 4a16bc91ef9920a56c2c7fe8e7bc06b4","time":{"start":1755632809017,"stop":1755632832258,"duration":23241}},{"uid":"78b0523d6ac1246e","reportUrl":"https://Igorrre.github.io/DiplomaTeam2/73/#testresult/78b0523d6ac1246e","status":"broken","statusDetails":"Expected condition failed: waiting for text ('New car ID:') to be present in element found by By.xpath: //button[@class='newId btn btn-secondary'] (tried for 20 second(s) with 500 milliseconds interval)\nBuild info: version: '4.32.0', revision: 'd17c8aa950'\nSystem info: os.name: 'Linux', os.arch: 'amd64', os.version: '6.11.0-1018-azure', java.version: '17.0.16'\nDriver info: org.openqa.selenium.chrome.ChromeDriver\nCapabilities {acceptInsecureCerts: false, browserName: chrome, browserVersion: 139.0.7258.66, chrome: {chromedriverVersion: 139.0.7258.66 (a62d32994769..., userDataDir: /tmp/.org.chromium.Chromium...}, fedcm:accounts: true, goog:chromeOptions: {debuggerAddress: localhost:33221}, networkConnectionEnabled: false, pageLoadStrategy: normal, platformName: linux, proxy: Proxy(), se:cdp: ws://localhost:33221/devtoo..., se:cdpVersion: 139.0.7258.66, setWindowRect: true, strictFileInteractability: false, timeouts: {implicit: 0, pageLoad: 300000, script: 30000}, unhandledPromptBehavior: dismiss and notify, webauthn:extension:credBlob: true, webauthn:extension:largeBlob: true, webauthn:extension:minPinLength: true, webauthn:extension:prf: true, webauthn:virtualAuthenticators: true}\nSession ID: f1949681be4135a002c272619dcdcfdb","time":{"start":1755632621429,"stop":1755632646079,"duration":24650}},{"uid":"e703b458a609a843","reportUrl":"https://Igorrre.github.io/DiplomaTeam2/72/#testresult/e703b458a609a843","status":"broken","statusDetails":"Expected condition failed: waiting for text ('New car ID:') to be present in element found by By.xpath: //button[@class='newId btn btn-secondary'] (tried for 20 second(s) with 500 milliseconds interval)\nBuild info: version: '4.32.0', revision: 'd17c8aa950'\nSystem info: os.name: 'Linux', os.arch: 'amd64', os.version: '6.11.0-1018-azure', java.version: '17.0.16'\nDriver info: org.openqa.selenium.chrome.ChromeDriver\nCapabilities {acceptInsecureCerts: false, browserName: chrome, browserVersion: 139.0.7258.66, chrome: {chromedriverVersion: 139.0.7258.66 (a62d32994769..., userDataDir: /tmp/.org.chromium.Chromium...}, fedcm:accounts: true, goog:chromeOptions: {debuggerAddress: localhost:39221}, networkConnectionEnabled: false, pageLoadStrategy: normal, platformName: linux, proxy: Proxy(), se:cdp: ws://localhost:39221/devtoo..., se:cdpVersion: 139.0.7258.66, setWindowRect: true, strictFileInteractability: false, timeouts: {implicit: 0, pageLoad: 300000, script: 30000}, unhandledPromptBehavior: dismiss and notify, webauthn:extension:credBlob: true, webauthn:extension:largeBlob: true, webauthn:extension:minPinLength: true, webauthn:extension:prf: true, webauthn:virtualAuthenticators: true}\nSession ID: 7dedf90c2febd08fc51c552c4b26a186","time":{"start":1755631672959,"stop":1755631697883,"duration":24924}},{"uid":"850240ad70b69201","reportUrl":"https://Igorrre.github.io/DiplomaTeam2/71/#testresult/850240ad70b69201","status":"broken","statusDetails":"Expected condition failed: waiting for text ('New car ID:') to be present in element found by By.xpath: //button[@class='newId btn btn-secondary'] (tried for 20 second(s) with 500 milliseconds interval)\nBuild info: version: '4.32.0', revision: 'd17c8aa950'\nSystem info: os.name: 'Linux', os.arch: 'amd64', os.version: '6.11.0-1018-azure', java.version: '17.0.16'\nDriver info: org.openqa.selenium.chrome.ChromeDriver\nCapabilities {acceptInsecureCerts: false, browserName: chrome, browserVersion: 139.0.7258.66, chrome: {chromedriverVersion: 139.0.7258.66 (a62d32994769..., userDataDir: /tmp/.org.chromium.Chromium...}, fedcm:accounts: true, goog:chromeOptions: {debuggerAddress: localhost:37133}, networkConnectionEnabled: false, pageLoadStrategy: normal, platformName: linux, proxy: Proxy(), se:cdp: ws://localhost:37133/devtoo..., se:cdpVersion: 139.0.7258.66, setWindowRect: true, strictFileInteractability: false, timeouts: {implicit: 0, pageLoad: 300000, script: 30000}, unhandledPromptBehavior: dismiss and notify, webauthn:extension:credBlob: true, webauthn:extension:largeBlob: true, webauthn:extension:minPinLength: true, webauthn:extension:prf: true, webauthn:virtualAuthenticators: true}\nSession ID: 3cb2d9dcf02ecbf1b45ffcf0cb918ac2","time":{"start":1755627921525,"stop":1755627945281,"duration":23756}},{"uid":"da44ee495629e14f","reportUrl":"https://Igorrre.github.io/DiplomaTeam2/70/#testresult/da44ee495629e14f","status":"broken","statusDetails":"Expected condition failed: waiting for text ('New car ID:') to be present in element found by By.xpath: //button[@class='newId btn btn-secondary'] (tried for 20 second(s) with 500 milliseconds interval)\nBuild info: version: '4.32.0', revision: 'd17c8aa950'\nSystem info: os.name: 'Linux', os.arch: 'amd64', os.version: '6.11.0-1018-azure', java.version: '17.0.16'\nDriver info: org.openqa.selenium.chrome.ChromeDriver\nCapabilities {acceptInsecureCerts: false, browserName: chrome, browserVersion: 139.0.7258.66, chrome: {chromedriverVersion: 139.0.7258.66 (a62d32994769..., userDataDir: /tmp/.org.chromium.Chromium...}, fedcm:accounts: true, goog:chromeOptions: {debuggerAddress: localhost:40335}, networkConnectionEnabled: false, pageLoadStrategy: normal, platformName: linux, proxy: Proxy(), se:cdp: ws://localhost:40335/devtoo..., se:cdpVersion: 139.0.7258.66, setWindowRect: true, strictFileInteractability: false, timeouts: {implicit: 0, pageLoad: 300000, script: 30000}, unhandledPromptBehavior: dismiss and notify, webauthn:extension:credBlob: true, webauthn:extension:largeBlob: true, webauthn:extension:minPinLength: true, webauthn:extension:prf: true, webauthn:virtualAuthenticators: true}\nSession ID: 48f7af627efdce6074cac72c2382763c","time":{"start":1755627264173,"stop":1755627287851,"duration":23678}},{"uid":"16ddcbbb13fd7e0d","reportUrl":"https://Igorrre.github.io/DiplomaTeam2/69/#testresult/16ddcbbb13fd7e0d","status":"broken","statusDetails":"Expected condition failed: waiting for text ('New car ID:') to be present in element found by By.xpath: //button[@class='newId btn btn-secondary'] (tried for 20 second(s) with 500 milliseconds interval)\nBuild info: version: '4.32.0', revision: 'd17c8aa950'\nSystem info: os.name: 'Linux', os.arch: 'amd64', os.version: '6.11.0-1018-azure', java.version: '17.0.16'\nDriver info: org.openqa.selenium.chrome.ChromeDriver\nCapabilities {acceptInsecureCerts: false, browserName: chrome, browserVersion: 139.0.7258.66, chrome: {chromedriverVersion: 139.0.7258.66 (a62d32994769..., userDataDir: /tmp/.org.chromium.Chromium...}, fedcm:accounts: true, goog:chromeOptions: {debuggerAddress: localhost:40917}, networkConnectionEnabled: false, pageLoadStrategy: normal, platformName: linux, proxy: Proxy(), se:cdp: ws://localhost:40917/devtoo..., se:cdpVersion: 139.0.7258.66, setWindowRect: true, strictFileInteractability: false, timeouts: {implicit: 0, pageLoad: 300000, script: 30000}, unhandledPromptBehavior: dismiss and notify, webauthn:extension:credBlob: true, webauthn:extension:largeBlob: true, webauthn:extension:minPinLength: true, webauthn:extension:prf: true, webauthn:virtualAuthenticators: true}\nSession ID: 54f103bbfceb9e088ec8bfb396ee2129","time":{"start":1755626014059,"stop":1755626037333,"duration":23274}},{"uid":"b55c3bda1ade4b08","reportUrl":"https://Igorrre.github.io/DiplomaTeam2/68/#testresult/b55c3bda1ade4b08","status":"broken","statusDetails":"Expected condition failed: waiting for text ('New car ID:') to be present in element found by By.xpath: //button[@class='newId btn btn-secondary'] (tried for 20 second(s) with 500 milliseconds interval)\nBuild info: version: '4.32.0', revision: 'd17c8aa950'\nSystem info: os.name: 'Linux', os.arch: 'amd64', os.version: '6.11.0-1018-azure', java.version: '17.0.16'\nDriver info: org.openqa.selenium.chrome.ChromeDriver\nCapabilities {acceptInsecureCerts: false, browserName: chrome, browserVersion: 139.0.7258.66, chrome: {chromedriverVersion: 139.0.7258.66 (a62d32994769..., userDataDir: /tmp/.org.chromium.Chromium...}, fedcm:accounts: true, goog:chromeOptions: {debuggerAddress: localhost:46537}, networkConnectionEnabled: false, pageLoadStrategy: normal, platformName: linux, proxy: Proxy(), se:cdp: ws://localhost:46537/devtoo..., se:cdpVersion: 139.0.7258.66, setWindowRect: true, strictFileInteractability: false, timeouts: {implicit: 0, pageLoad: 300000, script: 30000}, unhandledPromptBehavior: dismiss and notify, webauthn:extension:credBlob: true, webauthn:extension:largeBlob: true, webauthn:extension:minPinLength: true, webauthn:extension:prf: true, webauthn:virtualAuthenticators: true}\nSession ID: a3bc3520810a4c658f91371ab7dd54d8","time":{"start":1755623949572,"stop":1755623972729,"duration":23157}},{"uid":"690d1952c9ef265a","reportUrl":"https://Igorrre.github.io/DiplomaTeam2/67/#testresult/690d1952c9ef265a","status":"broken","statusDetails":"stale element reference: stale element not found in the current frame\n  (Session info: chrome=139.0.7258.66)\nFor documentation on this error, please visit: https://www.selenium.dev/documentation/webdriver/troubleshooting/errors#stale-element-reference-exception\nBuild info: version: '4.32.0', revision: 'd17c8aa950'\nSystem info: os.name: 'Linux', os.arch: 'amd64', os.version: '6.11.0-1018-azure', java.version: '17.0.16'\nDriver info: org.openqa.selenium.chrome.ChromeDriver\nCommand: [1ac7d037698444f0687b7c70ea154297, clickElement {id=f.0E05A437BE48D2B13B806A54D5507477.d.C7BA52CF58871DA50A4BCB82C543ACCD.e.18}]\nCapabilities {acceptInsecureCerts: false, browserName: chrome, browserVersion: 139.0.7258.66, chrome: {chromedriverVersion: 139.0.7258.66 (a62d32994769..., userDataDir: /tmp/.org.chromium.Chromium...}, fedcm:accounts: true, goog:chromeOptions: {debuggerAddress: localhost:45373}, networkConnectionEnabled: false, pageLoadStrategy: normal, platformName: linux, proxy: Proxy(), se:cdp: ws://localhost:45373/devtoo..., se:cdpVersion: 139.0.7258.66, setWindowRect: true, strictFileInteractability: false, timeouts: {implicit: 0, pageLoad: 300000, script: 30000}, unhandledPromptBehavior: dismiss and notify, webauthn:extension:credBlob: true, webauthn:extension:largeBlob: true, webauthn:extension:minPinLength: true, webauthn:extension:prf: true, webauthn:virtualAuthenticators: true}\nElement: [[ChromeDriver: chrome on linux (1ac7d037698444f0687b7c70ea154297)] -> css selector: button.tableButton.btn.btn-primary]\nSession ID: 1ac7d037698444f0687b7c70ea154297","time":{"start":1755622239453,"stop":1755622242294,"duration":2841}},{"uid":"3a1962f98fbfd7e8","reportUrl":"https://Igorrre.github.io/DiplomaTeam2/66/#testresult/3a1962f98fbfd7e8","status":"broken","statusDetails":"Expected condition failed: waiting for text ('New car ID:') to be present in element found by By.xpath: //button[@class='newId btn btn-secondary'] (tried for 20 second(s) with 500 milliseconds interval)\nBuild info: version: '4.32.0', revision: 'd17c8aa950'\nSystem info: os.name: 'Linux', os.arch: 'amd64', os.version: '6.11.0-1018-azure', java.version: '17.0.16'\nDriver info: org.openqa.selenium.chrome.ChromeDriver\nCapabilities {acceptInsecureCerts: false, browserName: chrome, browserVersion: 139.0.7258.66, chrome: {chromedriverVersion: 139.0.7258.66 (a62d32994769..., userDataDir: /tmp/.org.chromium.Chromium...}, fedcm:accounts: true, goog:chromeOptions: {debuggerAddress: localhost:40253}, networkConnectionEnabled: false, pageLoadStrategy: normal, platformName: linux, proxy: Proxy(), se:cdp: ws://localhost:40253/devtoo..., se:cdpVersion: 139.0.7258.66, setWindowRect: true, strictFileInteractability: false, timeouts: {implicit: 0, pageLoad: 300000, script: 30000}, unhandledPromptBehavior: dismiss and notify, webauthn:extension:credBlob: true, webauthn:extension:largeBlob: true, webauthn:extension:minPinLength: true, webauthn:extension:prf: true, webauthn:virtualAuthenticators: true}\nSession ID: 9e3625328bd2c8be61408f571d6d4def","time":{"start":1755619667237,"stop":1755619691639,"duration":24402}},{"uid":"d1471da7383a6bc8","reportUrl":"https://Igorrre.github.io/DiplomaTeam2/65/#testresult/d1471da7383a6bc8","status":"broken","statusDetails":"Expected condition failed: waiting for text ('New car ID:') to be present in element found by By.xpath: //button[@class='newId btn btn-secondary'] (tried for 20 second(s) with 500 milliseconds interval)\nBuild info: version: '4.32.0', revision: 'd17c8aa950'\nSystem info: os.name: 'Linux', os.arch: 'amd64', os.version: '6.11.0-1018-azure', java.version: '17.0.16'\nDriver info: org.openqa.selenium.chrome.ChromeDriver\nCapabilities {acceptInsecureCerts: false, browserName: chrome, browserVersion: 139.0.7258.66, chrome: {chromedriverVersion: 139.0.7258.66 (a62d32994769..., userDataDir: /tmp/.org.chromium.Chromium...}, fedcm:accounts: true, goog:chromeOptions: {debuggerAddress: localhost:34765}, networkConnectionEnabled: false, pageLoadStrategy: normal, platformName: linux, proxy: Proxy(), se:cdp: ws://localhost:34765/devtoo..., se:cdpVersion: 139.0.7258.66, setWindowRect: true, strictFileInteractability: false, timeouts: {implicit: 0, pageLoad: 300000, script: 30000}, unhandledPromptBehavior: dismiss and notify, webauthn:extension:credBlob: true, webauthn:extension:largeBlob: true, webauthn:extension:minPinLength: true, webauthn:extension:prf: true, webauthn:virtualAuthenticators: true}\nSession ID: f832924533a52fc21e076ca1225fba5a","time":{"start":1755593540487,"stop":1755593564918,"duration":24431}},{"uid":"164934f14477deff","reportUrl":"https://Igorrre.github.io/DiplomaTeam2/64/#testresult/164934f14477deff","status":"broken","statusDetails":"stale element reference: stale element not found in the current frame\n  (Session info: chrome=139.0.7258.66)\nFor documentation on this error, please visit: https://www.selenium.dev/documentation/webdriver/troubleshooting/errors#stale-element-reference-exception\nBuild info: version: '4.32.0', revision: 'd17c8aa950'\nSystem info: os.name: 'Linux', os.arch: 'amd64', os.version: '6.11.0-1018-azure', java.version: '17.0.16'\nDriver info: org.openqa.selenium.chrome.ChromeDriver\nCommand: [cea8c548e76c8a2ee1ed5c0f2a925c93, clickElement {id=f.BE202F8D4826FBF906053B0B911296DA.d.54A40E77D5675F1741924ABEEE7FA918.e.18}]\nCapabilities {acceptInsecureCerts: false, browserName: chrome, browserVersion: 139.0.7258.66, chrome: {chromedriverVersion: 139.0.7258.66 (a62d32994769..., userDataDir: /tmp/.org.chromium.Chromium...}, fedcm:accounts: true, goog:chromeOptions: {debuggerAddress: localhost:40679}, networkConnectionEnabled: false, pageLoadStrategy: normal, platformName: linux, proxy: Proxy(), se:cdp: ws://localhost:40679/devtoo..., se:cdpVersion: 139.0.7258.66, setWindowRect: true, strictFileInteractability: false, timeouts: {implicit: 0, pageLoad: 300000, script: 30000}, unhandledPromptBehavior: dismiss and notify, webauthn:extension:credBlob: true, webauthn:extension:largeBlob: true, webauthn:extension:minPinLength: true, webauthn:extension:prf: true, webauthn:virtualAuthenticators: true}\nElement: [[ChromeDriver: chrome on linux (cea8c548e76c8a2ee1ed5c0f2a925c93)] -> css selector: button.tableButton.btn.btn-primary]\nSession ID: cea8c548e76c8a2ee1ed5c0f2a925c93","time":{"start":1755593263543,"stop":1755593266394,"duration":2851}},{"uid":"be531c083074cc5e","reportUrl":"https://Igorrre.github.io/DiplomaTeam2/63/#testresult/be531c083074cc5e","status":"broken","statusDetails":"Expected condition failed: waiting for text ('New car ID:') to be present in element found by By.xpath: //button[@class='newId btn btn-secondary'] (tried for 20 second(s) with 500 milliseconds interval)\nBuild info: version: '4.32.0', revision: 'd17c8aa950'\nSystem info: os.name: 'Linux', os.arch: 'amd64', os.version: '6.11.0-1018-azure', java.version: '17.0.16'\nDriver info: org.openqa.selenium.chrome.ChromeDriver\nCapabilities {acceptInsecureCerts: false, browserName: chrome, browserVersion: 139.0.7258.66, chrome: {chromedriverVersion: 139.0.7258.66 (a62d32994769..., userDataDir: /tmp/.org.chromium.Chromium...}, fedcm:accounts: true, goog:chromeOptions: {debuggerAddress: localhost:34051}, networkConnectionEnabled: false, pageLoadStrategy: normal, platformName: linux, proxy: Proxy(), se:cdp: ws://localhost:34051/devtoo..., se:cdpVersion: 139.0.7258.66, setWindowRect: true, strictFileInteractability: false, timeouts: {implicit: 0, pageLoad: 300000, script: 30000}, unhandledPromptBehavior: dismiss and notify, webauthn:extension:credBlob: true, webauthn:extension:largeBlob: true, webauthn:extension:minPinLength: true, webauthn:extension:prf: true, webauthn:virtualAuthenticators: true}\nSession ID: ad365250653ce434d5cd3ef9c2bb2776","time":{"start":1755590097250,"stop":1755590120409,"duration":23159}},{"uid":"79222afb36a79ce8","reportUrl":"https://Igorrre.github.io/DiplomaTeam2/62/#testresult/79222afb36a79ce8","status":"broken","statusDetails":"Expected condition failed: waiting for text ('New car ID:') to be present in element found by By.xpath: //button[@class='newId btn btn-secondary'] (tried for 20 second(s) with 500 milliseconds interval)\nBuild info: version: '4.32.0', revision: 'd17c8aa950'\nSystem info: os.name: 'Linux', os.arch: 'amd64', os.version: '6.11.0-1018-azure', java.version: '17.0.16'\nDriver info: org.openqa.selenium.chrome.ChromeDriver\nCapabilities {acceptInsecureCerts: false, browserName: chrome, browserVersion: 139.0.7258.66, chrome: {chromedriverVersion: 139.0.7258.66 (a62d32994769..., userDataDir: /tmp/.org.chromium.Chromium...}, fedcm:accounts: true, goog:chromeOptions: {debuggerAddress: localhost:36243}, networkConnectionEnabled: false, pageLoadStrategy: normal, platformName: linux, proxy: Proxy(), se:cdp: ws://localhost:36243/devtoo..., se:cdpVersion: 139.0.7258.66, setWindowRect: true, strictFileInteractability: false, timeouts: {implicit: 0, pageLoad: 300000, script: 30000}, unhandledPromptBehavior: dismiss and notify, webauthn:extension:credBlob: true, webauthn:extension:largeBlob: true, webauthn:extension:minPinLength: true, webauthn:extension:prf: true, webauthn:virtualAuthenticators: true}\nSession ID: 564f005e59466f4f8aeb500e83f8a0a4","time":{"start":1755586679186,"stop":1755586702320,"duration":23134}},{"uid":"2984d82f92de7cda","reportUrl":"https://Igorrre.github.io/DiplomaTeam2/61/#testresult/2984d82f92de7cda","status":"broken","statusDetails":"element not interactable\n  (Session info: chrome=139.0.7258.66)\nBuild info: version: '4.32.0', revision: 'd17c8aa950'\nSystem info: os.name: 'Linux', os.arch: 'amd64', os.version: '6.11.0-1018-azure', java.version: '17.0.16'\nDriver info: org.openqa.selenium.chrome.ChromeDriver\nCommand: [402cb770ca01cc5e80d9330d495e03a6, sendKeysToElement {value=[Ljava.lang.CharSequence;@3934c397, id=f.B3737FF051B039AB9E096B49F3DC9ACF.d.2747EA29C1B333B72B98647F1F50CC2A.e.25}]\nCapabilities {acceptInsecureCerts: false, browserName: chrome, browserVersion: 139.0.7258.66, chrome: {chromedriverVersion: 139.0.7258.66 (a62d32994769..., userDataDir: /tmp/.org.chromium.Chromium...}, fedcm:accounts: true, goog:chromeOptions: {debuggerAddress: localhost:39369}, networkConnectionEnabled: false, pageLoadStrategy: normal, platformName: linux, proxy: Proxy(), se:cdp: ws://localhost:39369/devtoo..., se:cdpVersion: 139.0.7258.66, setWindowRect: true, strictFileInteractability: false, timeouts: {implicit: 0, pageLoad: 300000, script: 30000}, unhandledPromptBehavior: dismiss and notify, webauthn:extension:credBlob: true, webauthn:extension:largeBlob: true, webauthn:extension:minPinLength: true, webauthn:extension:prf: true, webauthn:virtualAuthenticators: true}\nElement: [[ChromeDriver: chrome on linux (402cb770ca01cc5e80d9330d495e03a6)] -> xpath: *//input[contains(@id,'price')]]\nSession ID: 402cb770ca01cc5e80d9330d495e03a6","time":{"start":1755549801555,"stop":1755549804257,"duration":2702}},{"uid":"f1c9150fbb305e87","reportUrl":"https://Igorrre.github.io/DiplomaTeam2/59/#testresult/f1c9150fbb305e87","status":"broken","statusDetails":"Expected condition failed: waiting for text ('New car ID:') to be present in element found by By.xpath: //button[@class='newId btn btn-secondary'] (tried for 20 second(s) with 500 milliseconds interval)\nBuild info: version: '4.32.0', revision: 'd17c8aa950'\nSystem info: os.name: 'Linux', os.arch: 'amd64', os.version: '6.11.0-1018-azure', java.version: '17.0.16'\nDriver info: org.openqa.selenium.chrome.ChromeDriver\nCapabilities {acceptInsecureCerts: false, browserName: chrome, browserVersion: 139.0.7258.66, chrome: {chromedriverVersion: 139.0.7258.66 (a62d32994769..., userDataDir: /tmp/.org.chromium.Chromium...}, fedcm:accounts: true, goog:chromeOptions: {debuggerAddress: localhost:36981}, networkConnectionEnabled: false, pageLoadStrategy: normal, platformName: linux, proxy: Proxy(), se:cdp: ws://localhost:36981/devtoo..., se:cdpVersion: 139.0.7258.66, setWindowRect: true, strictFileInteractability: false, timeouts: {implicit: 0, pageLoad: 300000, script: 30000}, unhandledPromptBehavior: dismiss and notify, webauthn:extension:credBlob: true, webauthn:extension:largeBlob: true, webauthn:extension:minPinLength: true, webauthn:extension:prf: true, webauthn:virtualAuthenticators: true}\nSession ID: 76a561a7798856530af6fee0a5a3c865","time":{"start":1755548618863,"stop":1755548642013,"duration":23150}}]},"tags":[]},"source":"43b6c70a0e817f5e.json","parameterValues":[]}