{"uid":"fede75c9f9760483","name":"Проверка, что пользователь может купить авто","fullName":"tests.ui.BuyCarTest.checkUserWithCar","historyId":"26fa65be937f8463066909eb6ec478a4","time":{"start":1755549168462,"stop":1755549172394,"duration":3932},"description":"Проверка, что пользователь может купить авто","descriptionHtml":"<p>Проверка, что пользователь может купить авто</p>\n","status":"broken","statusMessage":"stale element reference: stale element not found in the current frame\n  (Session info: chrome=139.0.7258.66)\nFor documentation on this error, please visit: https://www.selenium.dev/documentation/webdriver/troubleshooting/errors#stale-element-reference-exception\nBuild info: version: '4.32.0', revision: 'd17c8aa950'\nSystem info: os.name: 'Linux', os.arch: 'amd64', os.version: '6.11.0-1018-azure', java.version: '17.0.16'\nDriver info: org.openqa.selenium.chrome.ChromeDriver\nCommand: [c3a88e04d76728a83f2c0f8f3693a767, clickElement {id=f.74D5B8AEFB7128C95BE990B8EA6EC310.d.CDF53AF3460D3D992CB62BFE33FB1ADB.e.24}]\nCapabilities {acceptInsecureCerts: false, browserName: chrome, browserVersion: 139.0.7258.66, chrome: {chromedriverVersion: 139.0.7258.66 (a62d32994769..., userDataDir: /tmp/.org.chromium.Chromium...}, fedcm:accounts: true, goog:chromeOptions: {debuggerAddress: localhost:37449}, networkConnectionEnabled: false, pageLoadStrategy: normal, platformName: linux, proxy: Proxy(), se:cdp: ws://localhost:37449/devtoo..., se:cdpVersion: 139.0.7258.66, setWindowRect: true, strictFileInteractability: false, timeouts: {implicit: 0, pageLoad: 300000, script: 30000}, unhandledPromptBehavior: dismiss and notify, webauthn:extension:credBlob: true, webauthn:extension:largeBlob: true, webauthn:extension:minPinLength: true, webauthn:extension:prf: true, webauthn:virtualAuthenticators: true}\nElement: [[ChromeDriver: chrome on linux (c3a88e04d76728a83f2c0f8f3693a767)] -> xpath: //input[@type='radio' and @value='MALE']]\nSession ID: c3a88e04d76728a83f2c0f8f3693a767","statusTrace":"org.openqa.selenium.StaleElementReferenceException: stale element reference: stale element not found in the current frame\n  (Session info: chrome=139.0.7258.66)\nFor documentation on this error, please visit: https://www.selenium.dev/documentation/webdriver/troubleshooting/errors#stale-element-reference-exception\nBuild info: version: '4.32.0', revision: 'd17c8aa950'\nSystem info: os.name: 'Linux', os.arch: 'amd64', os.version: '6.11.0-1018-azure', java.version: '17.0.16'\nDriver info: org.openqa.selenium.chrome.ChromeDriver\nCommand: [c3a88e04d76728a83f2c0f8f3693a767, clickElement {id=f.74D5B8AEFB7128C95BE990B8EA6EC310.d.CDF53AF3460D3D992CB62BFE33FB1ADB.e.24}]\nCapabilities {acceptInsecureCerts: false, browserName: chrome, browserVersion: 139.0.7258.66, chrome: {chromedriverVersion: 139.0.7258.66 (a62d32994769..., userDataDir: /tmp/.org.chromium.Chromium...}, fedcm:accounts: true, goog:chromeOptions: {debuggerAddress: localhost:37449}, networkConnectionEnabled: false, pageLoadStrategy: normal, platformName: linux, proxy: Proxy(), se:cdp: ws://localhost:37449/devtoo..., se:cdpVersion: 139.0.7258.66, setWindowRect: true, strictFileInteractability: false, timeouts: {implicit: 0, pageLoad: 300000, script: 30000}, unhandledPromptBehavior: dismiss and notify, webauthn:extension:credBlob: true, webauthn:extension:largeBlob: true, webauthn:extension:minPinLength: true, webauthn:extension:prf: true, webauthn:virtualAuthenticators: true}\nElement: [[ChromeDriver: chrome on linux (c3a88e04d76728a83f2c0f8f3693a767)] -> xpath: //input[@type='radio' and @value='MALE']]\nSession ID: c3a88e04d76728a83f2c0f8f3693a767\n\tat jdk.internal.reflect.GeneratedConstructorAccessor42.newInstance(Unknown Source)\n\tat java.base/jdk.internal.reflect.DelegatingConstructorAccessorImpl.newInstance(DelegatingConstructorAccessorImpl.java:45)\n\tat java.base/java.lang.reflect.Constructor.newInstanceWithCaller(Constructor.java:500)\n\tat java.base/java.lang.reflect.Constructor.newInstance(Constructor.java:481)\n\tat org.openqa.selenium.remote.ErrorCodec.decode(ErrorCodec.java:167)\n\tat org.openqa.selenium.remote.codec.w3c.W3CHttpResponseCodec.decode(W3CHttpResponseCodec.java:138)\n\tat org.openqa.selenium.remote.codec.w3c.W3CHttpResponseCodec.decode(W3CHttpResponseCodec.java:50)\n\tat org.openqa.selenium.remote.HttpCommandExecutor.execute(HttpCommandExecutor.java:215)\n\tat org.openqa.selenium.remote.service.DriverCommandExecutor.invokeExecute(DriverCommandExecutor.java:216)\n\tat org.openqa.selenium.remote.service.DriverCommandExecutor.execute(DriverCommandExecutor.java:174)\n\tat org.openqa.selenium.remote.RemoteWebDriver.execute(RemoteWebDriver.java:545)\n\tat org.openqa.selenium.remote.RemoteWebElement.execute(RemoteWebElement.java:223)\n\tat org.openqa.selenium.remote.RemoteWebElement.click(RemoteWebElement.java:76)\n\tat wrappers.ClickValue.clickValue(ClickValue.java:17)\n\tat pages.CreateUserPage.setValuesToCreateUser(CreateUserPage.java:44)\n\tat steps.ui.CreateUserStep.getValueUserId(CreateUserStep.java:28)\n\tat tests.ui.BuyCarTest.checkUserWithCar(BuyCarTest.java:30)\n\tat java.base/jdk.internal.reflect.NativeMethodAccessorImpl.invoke0(Native Method)\n\tat java.base/jdk.internal.reflect.NativeMethodAccessorImpl.invoke(NativeMethodAccessorImpl.java:77)\n\tat java.base/jdk.internal.reflect.DelegatingMethodAccessorImpl.invoke(DelegatingMethodAccessorImpl.java:43)\n\tat java.base/java.lang.reflect.Method.invoke(Method.java:569)\n\tat org.testng.internal.invokers.MethodInvocationHelper.invokeMethod(MethodInvocationHelper.java:141)\n\tat org.testng.internal.invokers.TestInvoker.invokeMethod(TestInvoker.java:687)\n\tat org.testng.internal.invokers.TestInvoker.retryFailed(TestInvoker.java:269)\n\tat org.testng.internal.invokers.MethodRunner.runInSequence(MethodRunner.java:76)\n\tat org.testng.internal.invokers.TestInvoker$MethodInvocationAgent.invoke(TestInvoker.java:995)\n\tat org.testng.internal.invokers.TestInvoker.invokeTestMethods(TestInvoker.java:203)\n\tat org.testng.internal.invokers.TestMethodWorker.invokeTestMethods(TestMethodWorker.java:154)\n\tat org.testng.internal.invokers.TestMethodWorker.run(TestMethodWorker.java:134)\n\tat java.base/java.util.ArrayList.forEach(ArrayList.java:1511)\n\tat org.testng.TestRunner.privateRun(TestRunner.java:741)\n\tat org.testng.TestRunner.run(TestRunner.java:616)\n\tat org.testng.SuiteRunner.runTest(SuiteRunner.java:421)\n\tat org.testng.SuiteRunner$SuiteWorker.run(SuiteRunner.java:463)\n\tat org.testng.internal.thread.ThreadUtil.lambda$execute$0(ThreadUtil.java:64)\n\tat java.base/java.util.concurrent.FutureTask.run(FutureTask.java:264)\n\tat java.base/java.util.concurrent.ThreadPoolExecutor.runWorker(ThreadPoolExecutor.java:1136)\n\tat java.base/java.util.concurrent.ThreadPoolExecutor$Worker.run(ThreadPoolExecutor.java:635)\n\tat java.base/java.lang.Thread.run(Thread.java:840)\n","flaky":false,"newFailed":false,"newBroken":false,"newPassed":false,"retriesCount":3,"retriesStatusChange":true,"beforeStages":[{"name":"Настройка браузера","time":{"start":1755549168156,"stop":1755549168460,"duration":304},"description":"Настройка браузера","status":"passed","steps":[],"attachments":[],"parameters":[],"stepsCount":0,"shouldDisplayMessage":false,"attachmentsCount":0,"hasContent":false,"attachmentStep":false}],"testStage":{"description":"Проверка, что пользователь может купить авто","status":"broken","statusMessage":"stale element reference: stale element not found in the current frame\n  (Session info: chrome=139.0.7258.66)\nFor documentation on this error, please visit: https://www.selenium.dev/documentation/webdriver/troubleshooting/errors#stale-element-reference-exception\nBuild info: version: '4.32.0', revision: 'd17c8aa950'\nSystem info: os.name: 'Linux', os.arch: 'amd64', os.version: '6.11.0-1018-azure', java.version: '17.0.16'\nDriver info: org.openqa.selenium.chrome.ChromeDriver\nCommand: [c3a88e04d76728a83f2c0f8f3693a767, clickElement {id=f.74D5B8AEFB7128C95BE990B8EA6EC310.d.CDF53AF3460D3D992CB62BFE33FB1ADB.e.24}]\nCapabilities {acceptInsecureCerts: false, browserName: chrome, browserVersion: 139.0.7258.66, chrome: {chromedriverVersion: 139.0.7258.66 (a62d32994769..., userDataDir: /tmp/.org.chromium.Chromium...}, fedcm:accounts: true, goog:chromeOptions: {debuggerAddress: localhost:37449}, networkConnectionEnabled: false, pageLoadStrategy: normal, platformName: linux, proxy: Proxy(), se:cdp: ws://localhost:37449/devtoo..., se:cdpVersion: 139.0.7258.66, setWindowRect: true, strictFileInteractability: false, timeouts: {implicit: 0, pageLoad: 300000, script: 30000}, unhandledPromptBehavior: dismiss and notify, webauthn:extension:credBlob: true, webauthn:extension:largeBlob: true, webauthn:extension:minPinLength: true, webauthn:extension:prf: true, webauthn:virtualAuthenticators: true}\nElement: [[ChromeDriver: chrome on linux (c3a88e04d76728a83f2c0f8f3693a767)] -> xpath: //input[@type='radio' and @value='MALE']]\nSession ID: c3a88e04d76728a83f2c0f8f3693a767","statusTrace":"org.openqa.selenium.StaleElementReferenceException: stale element reference: stale element not found in the current frame\n  (Session info: chrome=139.0.7258.66)\nFor documentation on this error, please visit: https://www.selenium.dev/documentation/webdriver/troubleshooting/errors#stale-element-reference-exception\nBuild info: version: '4.32.0', revision: 'd17c8aa950'\nSystem info: os.name: 'Linux', os.arch: 'amd64', os.version: '6.11.0-1018-azure', java.version: '17.0.16'\nDriver info: org.openqa.selenium.chrome.ChromeDriver\nCommand: [c3a88e04d76728a83f2c0f8f3693a767, clickElement {id=f.74D5B8AEFB7128C95BE990B8EA6EC310.d.CDF53AF3460D3D992CB62BFE33FB1ADB.e.24}]\nCapabilities {acceptInsecureCerts: false, browserName: chrome, browserVersion: 139.0.7258.66, chrome: {chromedriverVersion: 139.0.7258.66 (a62d32994769..., userDataDir: /tmp/.org.chromium.Chromium...}, fedcm:accounts: true, goog:chromeOptions: {debuggerAddress: localhost:37449}, networkConnectionEnabled: false, pageLoadStrategy: normal, platformName: linux, proxy: Proxy(), se:cdp: ws://localhost:37449/devtoo..., se:cdpVersion: 139.0.7258.66, setWindowRect: true, strictFileInteractability: false, timeouts: {implicit: 0, pageLoad: 300000, script: 30000}, unhandledPromptBehavior: dismiss and notify, webauthn:extension:credBlob: true, webauthn:extension:largeBlob: true, webauthn:extension:minPinLength: true, webauthn:extension:prf: true, webauthn:virtualAuthenticators: true}\nElement: [[ChromeDriver: chrome on linux (c3a88e04d76728a83f2c0f8f3693a767)] -> xpath: //input[@type='radio' and @value='MALE']]\nSession ID: c3a88e04d76728a83f2c0f8f3693a767\n\tat jdk.internal.reflect.GeneratedConstructorAccessor42.newInstance(Unknown Source)\n\tat java.base/jdk.internal.reflect.DelegatingConstructorAccessorImpl.newInstance(DelegatingConstructorAccessorImpl.java:45)\n\tat java.base/java.lang.reflect.Constructor.newInstanceWithCaller(Constructor.java:500)\n\tat java.base/java.lang.reflect.Constructor.newInstance(Constructor.java:481)\n\tat org.openqa.selenium.remote.ErrorCodec.decode(ErrorCodec.java:167)\n\tat org.openqa.selenium.remote.codec.w3c.W3CHttpResponseCodec.decode(W3CHttpResponseCodec.java:138)\n\tat org.openqa.selenium.remote.codec.w3c.W3CHttpResponseCodec.decode(W3CHttpResponseCodec.java:50)\n\tat org.openqa.selenium.remote.HttpCommandExecutor.execute(HttpCommandExecutor.java:215)\n\tat org.openqa.selenium.remote.service.DriverCommandExecutor.invokeExecute(DriverCommandExecutor.java:216)\n\tat org.openqa.selenium.remote.service.DriverCommandExecutor.execute(DriverCommandExecutor.java:174)\n\tat org.openqa.selenium.remote.RemoteWebDriver.execute(RemoteWebDriver.java:545)\n\tat org.openqa.selenium.remote.RemoteWebElement.execute(RemoteWebElement.java:223)\n\tat org.openqa.selenium.remote.RemoteWebElement.click(RemoteWebElement.java:76)\n\tat wrappers.ClickValue.clickValue(ClickValue.java:17)\n\tat pages.CreateUserPage.setValuesToCreateUser(CreateUserPage.java:44)\n\tat steps.ui.CreateUserStep.getValueUserId(CreateUserStep.java:28)\n\tat tests.ui.BuyCarTest.checkUserWithCar(BuyCarTest.java:30)\n\tat java.base/jdk.internal.reflect.NativeMethodAccessorImpl.invoke0(Native Method)\n\tat java.base/jdk.internal.reflect.NativeMethodAccessorImpl.invoke(NativeMethodAccessorImpl.java:77)\n\tat java.base/jdk.internal.reflect.DelegatingMethodAccessorImpl.invoke(DelegatingMethodAccessorImpl.java:43)\n\tat java.base/java.lang.reflect.Method.invoke(Method.java:569)\n\tat org.testng.internal.invokers.MethodInvocationHelper.invokeMethod(MethodInvocationHelper.java:141)\n\tat org.testng.internal.invokers.TestInvoker.invokeMethod(TestInvoker.java:687)\n\tat org.testng.internal.invokers.TestInvoker.retryFailed(TestInvoker.java:269)\n\tat org.testng.internal.invokers.MethodRunner.runInSequence(MethodRunner.java:76)\n\tat org.testng.internal.invokers.TestInvoker$MethodInvocationAgent.invoke(TestInvoker.java:995)\n\tat org.testng.internal.invokers.TestInvoker.invokeTestMethods(TestInvoker.java:203)\n\tat org.testng.internal.invokers.TestMethodWorker.invokeTestMethods(TestMethodWorker.java:154)\n\tat org.testng.internal.invokers.TestMethodWorker.run(TestMethodWorker.java:134)\n\tat java.base/java.util.ArrayList.forEach(ArrayList.java:1511)\n\tat org.testng.TestRunner.privateRun(TestRunner.java:741)\n\tat org.testng.TestRunner.run(TestRunner.java:616)\n\tat org.testng.SuiteRunner.runTest(SuiteRunner.java:421)\n\tat org.testng.SuiteRunner$SuiteWorker.run(SuiteRunner.java:463)\n\tat org.testng.internal.thread.ThreadUtil.lambda$execute$0(ThreadUtil.java:64)\n\tat java.base/java.util.concurrent.FutureTask.run(FutureTask.java:264)\n\tat java.base/java.util.concurrent.ThreadPoolExecutor.runWorker(ThreadPoolExecutor.java:1136)\n\tat java.base/java.util.concurrent.ThreadPoolExecutor$Worker.run(ThreadPoolExecutor.java:635)\n\tat java.base/java.lang.Thread.run(Thread.java:840)\n","steps":[{"name":"Открытие страницы входа в систему","time":{"start":1755549168472,"stop":1755549170526,"duration":2054},"status":"passed","steps":[],"attachments":[],"parameters":[],"stepsCount":0,"shouldDisplayMessage":false,"attachmentsCount":0,"hasContent":false,"attachmentStep":false},{"name":"Проверка открытия страницы логина","time":{"start":1755549170527,"stop":1755549170545,"duration":18},"status":"passed","steps":[],"attachments":[],"parameters":[],"stepsCount":0,"shouldDisplayMessage":false,"attachmentsCount":0,"hasContent":false,"attachmentStep":false},{"name":"Вход в систему с валидным именем пользователя: user@pflb.ru и валидным паролем: user","time":{"start":1755549170545,"stop":1755549170714,"duration":169},"status":"passed","steps":[],"attachments":[],"parameters":[{"name":"user","value":"user@pflb.ru"},{"name":"password","value":"user"}],"stepsCount":0,"shouldDisplayMessage":false,"attachmentsCount":0,"hasContent":true,"attachmentStep":false},{"name":"Клик по кнопке 'ок' алерта","time":{"start":1755549170714,"stop":1755549171763,"duration":1049},"status":"passed","steps":[],"attachments":[],"parameters":[],"stepsCount":0,"shouldDisplayMessage":false,"attachmentsCount":0,"hasContent":false,"attachmentStep":false},{"name":"Проверка открытия страницы логина","time":{"start":1755549171763,"stop":1755549172012,"duration":249},"status":"passed","steps":[],"attachments":[],"parameters":[],"stepsCount":0,"shouldDisplayMessage":false,"attachmentsCount":0,"hasContent":false,"attachmentStep":false},{"name":"Получение значения User ID на странице создания пользователя","time":{"start":1755549172012,"stop":1755549172394,"duration":382},"status":"broken","statusMessage":"stale element reference: stale element not found in the current frame\n  (Session info: chrome=139.0.7258.66)\nFor documentation on this error, please visit: https://www.selenium.dev/documentation/webdriver/troubleshooting/errors#stale-element-reference-exception\nBuild info: version: '4.32.0', revision: 'd17c8aa950'\nSystem info: os.name: 'Linux', os.arch: 'amd64', os.version: '6.11.0-1018-azure', java.version: '17.0.16'\nDriver info: org.openqa.selenium.chrome.ChromeDriver\nCommand: [c3a88e04d76728a83f2c0f8f3693a767, clickElement {id=f.74D5B8AEFB7128C95BE990B8EA6EC310.d.CDF53AF3460D3D992CB62BFE33FB1ADB.e.24}]\nCapabilities {acceptInsecureCerts: false, browserName: chrome, browserVersion: 139.0.7258.66, chrome: {chromedriverVersion: 139.0.7258.66 (a62d32994769..., userDataDir: /tmp/.org.chromium.Chromium...}, fedcm:accounts: true, goog:chromeOptions: {debuggerAddress: localhost:37449}, networkConnectionEnabled: false, pageLoadStrategy: normal, platformName: linux, proxy: Proxy(), se:cdp: ws://localhost:37449/devtoo..., se:cdpVersion: 139.0.7258.66, setWindowRect: true, strictFileInteractability: false, timeouts: {implicit: 0, pageLoad: 300000, script: 30000}, unhandledPromptBehavior: dismiss and notify, webauthn:extension:credBlob: true, webauthn:extension:largeBlob: true, webauthn:extension:minPinLength: true, webauthn:extension:prf: true, webauthn:virtualAuthenticators: true}\nElement: [[ChromeDriver: chrome on linux (c3a88e04d76728a83f2c0f8f3693a767)] -> xpath: //input[@type='radio' and @value='MALE']]\nSession ID: c3a88e04d76728a83f2c0f8f3693a767","statusTrace":"org.openqa.selenium.StaleElementReferenceException: stale element reference: stale element not found in the current frame\n  (Session info: chrome=139.0.7258.66)\nFor documentation on this error, please visit: https://www.selenium.dev/documentation/webdriver/troubleshooting/errors#stale-element-reference-exception\nBuild info: version: '4.32.0', revision: 'd17c8aa950'\nSystem info: os.name: 'Linux', os.arch: 'amd64', os.version: '6.11.0-1018-azure', java.version: '17.0.16'\nDriver info: org.openqa.selenium.chrome.ChromeDriver\nCommand: [c3a88e04d76728a83f2c0f8f3693a767, clickElement {id=f.74D5B8AEFB7128C95BE990B8EA6EC310.d.CDF53AF3460D3D992CB62BFE33FB1ADB.e.24}]\nCapabilities {acceptInsecureCerts: false, browserName: chrome, browserVersion: 139.0.7258.66, chrome: {chromedriverVersion: 139.0.7258.66 (a62d32994769..., userDataDir: /tmp/.org.chromium.Chromium...}, fedcm:accounts: true, goog:chromeOptions: {debuggerAddress: localhost:37449}, networkConnectionEnabled: false, pageLoadStrategy: normal, platformName: linux, proxy: Proxy(), se:cdp: ws://localhost:37449/devtoo..., se:cdpVersion: 139.0.7258.66, setWindowRect: true, strictFileInteractability: false, timeouts: {implicit: 0, pageLoad: 300000, script: 30000}, unhandledPromptBehavior: dismiss and notify, webauthn:extension:credBlob: true, webauthn:extension:largeBlob: true, webauthn:extension:minPinLength: true, webauthn:extension:prf: true, webauthn:virtualAuthenticators: true}\nElement: [[ChromeDriver: chrome on linux (c3a88e04d76728a83f2c0f8f3693a767)] -> xpath: //input[@type='radio' and @value='MALE']]\nSession ID: c3a88e04d76728a83f2c0f8f3693a767\n\tat jdk.internal.reflect.GeneratedConstructorAccessor42.newInstance(Unknown Source)\n\tat java.base/jdk.internal.reflect.DelegatingConstructorAccessorImpl.newInstance(DelegatingConstructorAccessorImpl.java:45)\n\tat java.base/java.lang.reflect.Constructor.newInstanceWithCaller(Constructor.java:500)\n\tat java.base/java.lang.reflect.Constructor.newInstance(Constructor.java:481)\n\tat org.openqa.selenium.remote.ErrorCodec.decode(ErrorCodec.java:167)\n\tat org.openqa.selenium.remote.codec.w3c.W3CHttpResponseCodec.decode(W3CHttpResponseCodec.java:138)\n\tat org.openqa.selenium.remote.codec.w3c.W3CHttpResponseCodec.decode(W3CHttpResponseCodec.java:50)\n\tat org.openqa.selenium.remote.HttpCommandExecutor.execute(HttpCommandExecutor.java:215)\n\tat org.openqa.selenium.remote.service.DriverCommandExecutor.invokeExecute(DriverCommandExecutor.java:216)\n\tat org.openqa.selenium.remote.service.DriverCommandExecutor.execute(DriverCommandExecutor.java:174)\n\tat org.openqa.selenium.remote.RemoteWebDriver.execute(RemoteWebDriver.java:545)\n\tat org.openqa.selenium.remote.RemoteWebElement.execute(RemoteWebElement.java:223)\n\tat org.openqa.selenium.remote.RemoteWebElement.click(RemoteWebElement.java:76)\n\tat wrappers.ClickValue.clickValue(ClickValue.java:17)\n\tat pages.CreateUserPage.setValuesToCreateUser(CreateUserPage.java:44)\n\tat steps.ui.CreateUserStep.getValueUserId(CreateUserStep.java:28)\n\tat tests.ui.BuyCarTest.checkUserWithCar(BuyCarTest.java:30)\n\tat java.base/jdk.internal.reflect.NativeMethodAccessorImpl.invoke0(Native Method)\n\tat java.base/jdk.internal.reflect.NativeMethodAccessorImpl.invoke(NativeMethodAccessorImpl.java:77)\n\tat java.base/jdk.internal.reflect.DelegatingMethodAccessorImpl.invoke(DelegatingMethodAccessorImpl.java:43)\n\tat java.base/java.lang.reflect.Method.invoke(Method.java:569)\n\tat org.testng.internal.invokers.MethodInvocationHelper.invokeMethod(MethodInvocationHelper.java:141)\n\tat org.testng.internal.invokers.TestInvoker.invokeMethod(TestInvoker.java:687)\n\tat org.testng.internal.invokers.TestInvoker.retryFailed(TestInvoker.java:269)\n\tat org.testng.internal.invokers.MethodRunner.runInSequence(MethodRunner.java:76)\n\tat org.testng.internal.invokers.TestInvoker$MethodInvocationAgent.invoke(TestInvoker.java:995)\n\tat org.testng.internal.invokers.TestInvoker.invokeTestMethods(TestInvoker.java:203)\n\tat org.testng.internal.invokers.TestMethodWorker.invokeTestMethods(TestMethodWorker.java:154)\n\tat org.testng.internal.invokers.TestMethodWorker.run(TestMethodWorker.java:134)\n\tat java.base/java.util.ArrayList.forEach(ArrayList.java:1511)\n\tat org.testng.TestRunner.privateRun(TestRunner.java:741)\n\tat org.testng.TestRunner.run(TestRunner.java:616)\n\tat org.testng.SuiteRunner.runTest(SuiteRunner.java:421)\n\tat org.testng.SuiteRunner$SuiteWorker.run(SuiteRunner.java:463)\n\tat org.testng.internal.thread.ThreadUtil.lambda$execute$0(ThreadUtil.java:64)\n\tat java.base/java.util.concurrent.FutureTask.run(FutureTask.java:264)\n\tat java.base/java.util.concurrent.ThreadPoolExecutor.runWorker(ThreadPoolExecutor.java:1136)\n\tat java.base/java.util.concurrent.ThreadPoolExecutor$Worker.run(ThreadPoolExecutor.java:635)\n\tat java.base/java.lang.Thread.run(Thread.java:840)\n","steps":[{"name":"Открытие страницы создания нового пользователя","time":{"start":1755549172022,"stop":1755549172028,"duration":6},"status":"passed","steps":[],"attachments":[],"parameters":[],"stepsCount":0,"shouldDisplayMessage":false,"attachmentsCount":0,"hasContent":false,"attachmentStep":false},{"name":"Внесение значений в поля формы","time":{"start":1755549172049,"stop":1755549172393,"duration":344},"status":"broken","statusMessage":"stale element reference: stale element not found in the current frame\n  (Session info: chrome=139.0.7258.66)\nFor documentation on this error, please visit: https://www.selenium.dev/documentation/webdriver/troubleshooting/errors#stale-element-reference-exception\nBuild info: version: '4.32.0', revision: 'd17c8aa950'\nSystem info: os.name: 'Linux', os.arch: 'amd64', os.version: '6.11.0-1018-azure', java.version: '17.0.16'\nDriver info: org.openqa.selenium.chrome.ChromeDriver\nCommand: [c3a88e04d76728a83f2c0f8f3693a767, clickElement {id=f.74D5B8AEFB7128C95BE990B8EA6EC310.d.CDF53AF3460D3D992CB62BFE33FB1ADB.e.24}]\nCapabilities {acceptInsecureCerts: false, browserName: chrome, browserVersion: 139.0.7258.66, chrome: {chromedriverVersion: 139.0.7258.66 (a62d32994769..., userDataDir: /tmp/.org.chromium.Chromium...}, fedcm:accounts: true, goog:chromeOptions: {debuggerAddress: localhost:37449}, networkConnectionEnabled: false, pageLoadStrategy: normal, platformName: linux, proxy: Proxy(), se:cdp: ws://localhost:37449/devtoo..., se:cdpVersion: 139.0.7258.66, setWindowRect: true, strictFileInteractability: false, timeouts: {implicit: 0, pageLoad: 300000, script: 30000}, unhandledPromptBehavior: dismiss and notify, webauthn:extension:credBlob: true, webauthn:extension:largeBlob: true, webauthn:extension:minPinLength: true, webauthn:extension:prf: true, webauthn:virtualAuthenticators: true}\nElement: [[ChromeDriver: chrome on linux (c3a88e04d76728a83f2c0f8f3693a767)] -> xpath: //input[@type='radio' and @value='MALE']]\nSession ID: c3a88e04d76728a83f2c0f8f3693a767","statusTrace":"org.openqa.selenium.StaleElementReferenceException: stale element reference: stale element not found in the current frame\n  (Session info: chrome=139.0.7258.66)\nFor documentation on this error, please visit: https://www.selenium.dev/documentation/webdriver/troubleshooting/errors#stale-element-reference-exception\nBuild info: version: '4.32.0', revision: 'd17c8aa950'\nSystem info: os.name: 'Linux', os.arch: 'amd64', os.version: '6.11.0-1018-azure', java.version: '17.0.16'\nDriver info: org.openqa.selenium.chrome.ChromeDriver\nCommand: [c3a88e04d76728a83f2c0f8f3693a767, clickElement {id=f.74D5B8AEFB7128C95BE990B8EA6EC310.d.CDF53AF3460D3D992CB62BFE33FB1ADB.e.24}]\nCapabilities {acceptInsecureCerts: false, browserName: chrome, browserVersion: 139.0.7258.66, chrome: {chromedriverVersion: 139.0.7258.66 (a62d32994769..., userDataDir: /tmp/.org.chromium.Chromium...}, fedcm:accounts: true, goog:chromeOptions: {debuggerAddress: localhost:37449}, networkConnectionEnabled: false, pageLoadStrategy: normal, platformName: linux, proxy: Proxy(), se:cdp: ws://localhost:37449/devtoo..., se:cdpVersion: 139.0.7258.66, setWindowRect: true, strictFileInteractability: false, timeouts: {implicit: 0, pageLoad: 300000, script: 30000}, unhandledPromptBehavior: dismiss and notify, webauthn:extension:credBlob: true, webauthn:extension:largeBlob: true, webauthn:extension:minPinLength: true, webauthn:extension:prf: true, webauthn:virtualAuthenticators: true}\nElement: [[ChromeDriver: chrome on linux (c3a88e04d76728a83f2c0f8f3693a767)] -> xpath: //input[@type='radio' and @value='MALE']]\nSession ID: c3a88e04d76728a83f2c0f8f3693a767\n\tat jdk.internal.reflect.GeneratedConstructorAccessor42.newInstance(Unknown Source)\n\tat java.base/jdk.internal.reflect.DelegatingConstructorAccessorImpl.newInstance(DelegatingConstructorAccessorImpl.java:45)\n\tat java.base/java.lang.reflect.Constructor.newInstanceWithCaller(Constructor.java:500)\n\tat java.base/java.lang.reflect.Constructor.newInstance(Constructor.java:481)\n\tat org.openqa.selenium.remote.ErrorCodec.decode(ErrorCodec.java:167)\n\tat org.openqa.selenium.remote.codec.w3c.W3CHttpResponseCodec.decode(W3CHttpResponseCodec.java:138)\n\tat org.openqa.selenium.remote.codec.w3c.W3CHttpResponseCodec.decode(W3CHttpResponseCodec.java:50)\n\tat org.openqa.selenium.remote.HttpCommandExecutor.execute(HttpCommandExecutor.java:215)\n\tat org.openqa.selenium.remote.service.DriverCommandExecutor.invokeExecute(DriverCommandExecutor.java:216)\n\tat org.openqa.selenium.remote.service.DriverCommandExecutor.execute(DriverCommandExecutor.java:174)\n\tat org.openqa.selenium.remote.RemoteWebDriver.execute(RemoteWebDriver.java:545)\n\tat org.openqa.selenium.remote.RemoteWebElement.execute(RemoteWebElement.java:223)\n\tat org.openqa.selenium.remote.RemoteWebElement.click(RemoteWebElement.java:76)\n\tat wrappers.ClickValue.clickValue(ClickValue.java:17)\n\tat pages.CreateUserPage.setValuesToCreateUser(CreateUserPage.java:44)\n\tat steps.ui.CreateUserStep.getValueUserId(CreateUserStep.java:28)\n\tat tests.ui.BuyCarTest.checkUserWithCar(BuyCarTest.java:30)\n\tat java.base/jdk.internal.reflect.NativeMethodAccessorImpl.invoke0(Native Method)\n\tat java.base/jdk.internal.reflect.NativeMethodAccessorImpl.invoke(NativeMethodAccessorImpl.java:77)\n\tat java.base/jdk.internal.reflect.DelegatingMethodAccessorImpl.invoke(DelegatingMethodAccessorImpl.java:43)\n\tat java.base/java.lang.reflect.Method.invoke(Method.java:569)\n\tat org.testng.internal.invokers.MethodInvocationHelper.invokeMethod(MethodInvocationHelper.java:141)\n\tat org.testng.internal.invokers.TestInvoker.invokeMethod(TestInvoker.java:687)\n\tat org.testng.internal.invokers.TestInvoker.retryFailed(TestInvoker.java:269)\n\tat org.testng.internal.invokers.MethodRunner.runInSequence(MethodRunner.java:76)\n\tat org.testng.internal.invokers.TestInvoker$MethodInvocationAgent.invoke(TestInvoker.java:995)\n\tat org.testng.internal.invokers.TestInvoker.invokeTestMethods(TestInvoker.java:203)\n\tat org.testng.internal.invokers.TestMethodWorker.invokeTestMethods(TestMethodWorker.java:154)\n\tat org.testng.internal.invokers.TestMethodWorker.run(TestMethodWorker.java:134)\n\tat java.base/java.util.ArrayList.forEach(ArrayList.java:1511)\n\tat org.testng.TestRunner.privateRun(TestRunner.java:741)\n\tat org.testng.TestRunner.run(TestRunner.java:616)\n\tat org.testng.SuiteRunner.runTest(SuiteRunner.java:421)\n\tat org.testng.SuiteRunner$SuiteWorker.run(SuiteRunner.java:463)\n\tat org.testng.internal.thread.ThreadUtil.lambda$execute$0(ThreadUtil.java:64)\n\tat java.base/java.util.concurrent.FutureTask.run(FutureTask.java:264)\n\tat java.base/java.util.concurrent.ThreadPoolExecutor.runWorker(ThreadPoolExecutor.java:1136)\n\tat java.base/java.util.concurrent.ThreadPoolExecutor$Worker.run(ThreadPoolExecutor.java:635)\n\tat java.base/java.lang.Thread.run(Thread.java:840)\n","steps":[],"attachments":[],"parameters":[{"name":"user","value":"Users(firstName=Dean, lastName=Bosco, age=2, money=758160)"}],"stepsCount":0,"shouldDisplayMessage":true,"attachmentsCount":0,"hasContent":true,"attachmentStep":false}],"attachments":[],"parameters":[],"stepsCount":2,"shouldDisplayMessage":false,"attachmentsCount":0,"hasContent":true,"attachmentStep":false}],"attachments":[],"parameters":[],"stepsCount":8,"shouldDisplayMessage":false,"attachmentsCount":0,"hasContent":true,"attachmentStep":false},"afterStages":[{"name":"Закрытие браузера","time":{"start":1755549172395,"stop":1755549172495,"duration":100},"description":"Закрытие браузера","status":"passed","steps":[],"attachments":[{"uid":"32adfc649a22c696","name":"screenshot","source":"32adfc649a22c696.png","type":"image/png","size":28751}],"parameters":[],"stepsCount":0,"shouldDisplayMessage":false,"attachmentsCount":1,"hasContent":true,"attachmentStep":false}],"labels":[{"name":"package","value":"tests.ui.BuyCarTest"},{"name":"testClass","value":"tests.ui.BuyCarTest"},{"name":"testMethod","value":"checkUserWithCar"},{"name":"parentSuite","value":"DiplomaTeam2"},{"name":"suite","value":"Chrome"},{"name":"subSuite","value":"tests.ui.BuyCarTest"},{"name":"host","value":"pkrvmubgrv54qmi"},{"name":"thread","value":"2593@pkrvmubgrv54qmi.TestNG-tests-1(21)"},{"name":"framework","value":"testng"},{"name":"language","value":"java"},{"name":"owner","value":"Bulycheva D.A."},{"name":"resultFormat","value":"allure2"}],"parameters":[{"name":"browser","value":"chrome"}],"links":[],"hidden":false,"retry":false,"extra":{"severity":"normal","owner":"Bulycheva D.A.","retries":[{"uid":"2f1819f3d7157eee","status":"skipped","statusDetails":"stale element reference: stale element not found in the current frame\n  (Session info: chrome=139.0.7258.66)\nFor documentation on this error, please visit: https://www.selenium.dev/documentation/webdriver/troubleshooting/errors#stale-element-reference-exception\nBuild info: version: '4.32.0', revision: 'd17c8aa950'\nSystem info: os.name: 'Linux', os.arch: 'amd64', os.version: '6.11.0-1018-azure', java.version: '17.0.16'\nDriver info: org.openqa.selenium.chrome.ChromeDriver\nCommand: [5238a48a136b2a1a441d1a0dc1256393, clickElement {id=f.519AC97C7A48625EA54CDE8EADFA159A.d.92B9F7F30FFF5F36AE0A7545D61B070C.e.24}]\nCapabilities {acceptInsecureCerts: false, browserName: chrome, browserVersion: 139.0.7258.66, chrome: {chromedriverVersion: 139.0.7258.66 (a62d32994769..., userDataDir: /tmp/.org.chromium.Chromium...}, fedcm:accounts: true, goog:chromeOptions: {debuggerAddress: localhost:41903}, networkConnectionEnabled: false, pageLoadStrategy: normal, platformName: linux, proxy: Proxy(), se:cdp: ws://localhost:41903/devtoo..., se:cdpVersion: 139.0.7258.66, setWindowRect: true, strictFileInteractability: false, timeouts: {implicit: 0, pageLoad: 300000, script: 30000}, unhandledPromptBehavior: dismiss and notify, webauthn:extension:credBlob: true, webauthn:extension:largeBlob: true, webauthn:extension:minPinLength: true, webauthn:extension:prf: true, webauthn:virtualAuthenticators: true}\nElement: [[ChromeDriver: chrome on linux (5238a48a136b2a1a441d1a0dc1256393)] -> xpath: //input[@type='radio' and @value='MALE']]\nSession ID: 5238a48a136b2a1a441d1a0dc1256393","time":{"start":1755549164238,"stop":1755549168084,"duration":3846}},{"uid":"e738125268fcec79","status":"skipped","statusDetails":"stale element reference: stale element not found in the current frame\n  (Session info: chrome=139.0.7258.66)\nFor documentation on this error, please visit: https://www.selenium.dev/documentation/webdriver/troubleshooting/errors#stale-element-reference-exception\nBuild info: version: '4.32.0', revision: 'd17c8aa950'\nSystem info: os.name: 'Linux', os.arch: 'amd64', os.version: '6.11.0-1018-azure', java.version: '17.0.16'\nDriver info: org.openqa.selenium.chrome.ChromeDriver\nCommand: [37eeb2b448e2125d7fcaa46c89b8033e, clickElement {id=f.91924D1AA7E693641F6CCEE27F5A1561.d.AD8B8D7561E0426FD98486A890C1B238.e.24}]\nCapabilities {acceptInsecureCerts: false, browserName: chrome, browserVersion: 139.0.7258.66, chrome: {chromedriverVersion: 139.0.7258.66 (a62d32994769..., userDataDir: /tmp/.org.chromium.Chromium...}, fedcm:accounts: true, goog:chromeOptions: {debuggerAddress: localhost:36203}, networkConnectionEnabled: false, pageLoadStrategy: normal, platformName: linux, proxy: Proxy(), se:cdp: ws://localhost:36203/devtoo..., se:cdpVersion: 139.0.7258.66, setWindowRect: true, strictFileInteractability: false, timeouts: {implicit: 0, pageLoad: 300000, script: 30000}, unhandledPromptBehavior: dismiss and notify, webauthn:extension:credBlob: true, webauthn:extension:largeBlob: true, webauthn:extension:minPinLength: true, webauthn:extension:prf: true, webauthn:virtualAuthenticators: true}\nElement: [[ChromeDriver: chrome on linux (37eeb2b448e2125d7fcaa46c89b8033e)] -> xpath: //input[@type='radio' and @value='MALE']]\nSession ID: 37eeb2b448e2125d7fcaa46c89b8033e","time":{"start":1755549159987,"stop":1755549163895,"duration":3908}},{"uid":"7b0fa2a2da21c3cb","status":"skipped","statusDetails":"stale element reference: stale element not found in the current frame\n  (Session info: chrome=139.0.7258.66)\nFor documentation on this error, please visit: https://www.selenium.dev/documentation/webdriver/troubleshooting/errors#stale-element-reference-exception\nBuild info: version: '4.32.0', revision: 'd17c8aa950'\nSystem info: os.name: 'Linux', os.arch: 'amd64', os.version: '6.11.0-1018-azure', java.version: '17.0.16'\nDriver info: org.openqa.selenium.chrome.ChromeDriver\nCommand: [68c97fe5ce071471150cd9baa5f45b24, clickElement {id=f.2ECE14EB6AC5842FC397C2EE3050A7A6.d.EC91F692431597D25A74D63C15264191.e.24}]\nCapabilities {acceptInsecureCerts: false, browserName: chrome, browserVersion: 139.0.7258.66, chrome: {chromedriverVersion: 139.0.7258.66 (a62d32994769..., userDataDir: /tmp/.org.chromium.Chromium...}, fedcm:accounts: true, goog:chromeOptions: {debuggerAddress: localhost:44907}, networkConnectionEnabled: false, pageLoadStrategy: normal, platformName: linux, proxy: Proxy(), se:cdp: ws://localhost:44907/devtoo..., se:cdpVersion: 139.0.7258.66, setWindowRect: true, strictFileInteractability: false, timeouts: {implicit: 0, pageLoad: 300000, script: 30000}, unhandledPromptBehavior: dismiss and notify, webauthn:extension:credBlob: true, webauthn:extension:largeBlob: true, webauthn:extension:minPinLength: true, webauthn:extension:prf: true, webauthn:virtualAuthenticators: true}\nElement: [[ChromeDriver: chrome on linux (68c97fe5ce071471150cd9baa5f45b24)] -> xpath: //input[@type='radio' and @value='MALE']]\nSession ID: 68c97fe5ce071471150cd9baa5f45b24","time":{"start":1755549155730,"stop":1755549159648,"duration":3918}}],"categories":[{"name":"Test defects","matchedStatuses":[],"flaky":false}],"tags":[]},"source":"fede75c9f9760483.json","parameterValues":["chrome"]}