{"uid":"96d0a9130b3b5d81","name":"Позитивный тест Проверка сообщения, что авто создан","fullName":"tests.ui.CarTest.createCar","historyId":"6a60ddec37439a32928a4f2723cdb337","time":{"start":1755625941987,"stop":1755625965239,"duration":23252},"description":"Проверка сообщения, что авто создан","descriptionHtml":"<p>Проверка сообщения, что авто создан</p>\n","status":"skipped","statusMessage":"Expected condition failed: waiting for text ('New car ID:') to be present in element found by By.xpath: //button[@class='newId btn btn-secondary'] (tried for 20 second(s) with 500 milliseconds interval)\nBuild info: version: '4.32.0', revision: 'd17c8aa950'\nSystem info: os.name: 'Linux', os.arch: 'amd64', os.version: '6.11.0-1018-azure', java.version: '17.0.16'\nDriver info: org.openqa.selenium.chrome.ChromeDriver\nCapabilities {acceptInsecureCerts: false, browserName: chrome, browserVersion: 139.0.7258.66, chrome: {chromedriverVersion: 139.0.7258.66 (a62d32994769..., userDataDir: /tmp/.org.chromium.Chromium...}, fedcm:accounts: true, goog:chromeOptions: {debuggerAddress: localhost:36527}, networkConnectionEnabled: false, pageLoadStrategy: normal, platformName: linux, proxy: Proxy(), se:cdp: ws://localhost:36527/devtoo..., se:cdpVersion: 139.0.7258.66, setWindowRect: true, strictFileInteractability: false, timeouts: {implicit: 0, pageLoad: 300000, script: 30000}, unhandledPromptBehavior: dismiss and notify, webauthn:extension:credBlob: true, webauthn:extension:largeBlob: true, webauthn:extension:minPinLength: true, webauthn:extension:prf: true, webauthn:virtualAuthenticators: true}\nSession ID: d87916b9123f0bbfcad11137e92216cf","statusTrace":"org.openqa.selenium.TimeoutException: Expected condition failed: waiting for text ('New car ID:') to be present in element found by By.xpath: //button[@class='newId btn btn-secondary'] (tried for 20 second(s) with 500 milliseconds interval)\nBuild info: version: '4.32.0', revision: 'd17c8aa950'\nSystem info: os.name: 'Linux', os.arch: 'amd64', os.version: '6.11.0-1018-azure', java.version: '17.0.16'\nDriver info: org.openqa.selenium.chrome.ChromeDriver\nCapabilities {acceptInsecureCerts: false, browserName: chrome, browserVersion: 139.0.7258.66, chrome: {chromedriverVersion: 139.0.7258.66 (a62d32994769..., userDataDir: /tmp/.org.chromium.Chromium...}, fedcm:accounts: true, goog:chromeOptions: {debuggerAddress: localhost:36527}, networkConnectionEnabled: false, pageLoadStrategy: normal, platformName: linux, proxy: Proxy(), se:cdp: ws://localhost:36527/devtoo..., se:cdpVersion: 139.0.7258.66, setWindowRect: true, strictFileInteractability: false, timeouts: {implicit: 0, pageLoad: 300000, script: 30000}, unhandledPromptBehavior: dismiss and notify, webauthn:extension:credBlob: true, webauthn:extension:largeBlob: true, webauthn:extension:minPinLength: true, webauthn:extension:prf: true, webauthn:virtualAuthenticators: true}\nSession ID: d87916b9123f0bbfcad11137e92216cf\n\tat org.openqa.selenium.support.ui.WebDriverWait.timeoutException(WebDriverWait.java:84)\n\tat org.openqa.selenium.support.ui.FluentWait.until(FluentWait.java:228)\n\tat pages.CreateCarsPage.checkMessageIdCar(CreateCarsPage.java:68)\n\tat tests.ui.CarTest.createCar(CarTest.java:28)\n\tat java.base/jdk.internal.reflect.NativeMethodAccessorImpl.invoke0(Native Method)\n\tat java.base/jdk.internal.reflect.NativeMethodAccessorImpl.invoke(NativeMethodAccessorImpl.java:77)\n\tat java.base/jdk.internal.reflect.DelegatingMethodAccessorImpl.invoke(DelegatingMethodAccessorImpl.java:43)\n\tat java.base/java.lang.reflect.Method.invoke(Method.java:569)\n\tat org.testng.internal.invokers.MethodInvocationHelper.invokeMethod(MethodInvocationHelper.java:141)\n\tat org.testng.internal.invokers.TestInvoker.invokeMethod(TestInvoker.java:687)\n\tat org.testng.internal.invokers.TestInvoker.invokeTestMethod(TestInvoker.java:230)\n\tat org.testng.internal.invokers.MethodRunner.runInSequence(MethodRunner.java:63)\n\tat org.testng.internal.invokers.TestInvoker$MethodInvocationAgent.invoke(TestInvoker.java:995)\n\tat org.testng.internal.invokers.TestInvoker.invokeTestMethods(TestInvoker.java:203)\n\tat org.testng.internal.invokers.TestMethodWorker.invokeTestMethods(TestMethodWorker.java:154)\n\tat org.testng.internal.invokers.TestMethodWorker.run(TestMethodWorker.java:134)\n\tat java.base/java.util.ArrayList.forEach(ArrayList.java:1511)\n\tat org.testng.TestRunner.privateRun(TestRunner.java:741)\n\tat org.testng.TestRunner.run(TestRunner.java:616)\n\tat org.testng.SuiteRunner.runTest(SuiteRunner.java:421)\n\tat org.testng.SuiteRunner$SuiteWorker.run(SuiteRunner.java:463)\n\tat org.testng.internal.thread.ThreadUtil.lambda$execute$0(ThreadUtil.java:64)\n\tat java.base/java.util.concurrent.FutureTask.run(FutureTask.java:264)\n\tat java.base/java.util.concurrent.ThreadPoolExecutor.runWorker(ThreadPoolExecutor.java:1136)\n\tat java.base/java.util.concurrent.ThreadPoolExecutor$Worker.run(ThreadPoolExecutor.java:635)\n\tat java.base/java.lang.Thread.run(Thread.java:840)\n","flaky":false,"newFailed":false,"newBroken":false,"newPassed":false,"retriesCount":0,"retriesStatusChange":false,"beforeStages":[{"name":"Настройка браузера","time":{"start":1755625941709,"stop":1755625941985,"duration":276},"description":"Настройка браузера","status":"passed","steps":[],"attachments":[],"parameters":[],"stepsCount":0,"shouldDisplayMessage":false,"attachmentsCount":0,"hasContent":false,"attachmentStep":false}],"testStage":{"description":"Проверка сообщения, что авто создан","status":"skipped","statusMessage":"Expected condition failed: waiting for text ('New car ID:') to be present in element found by By.xpath: //button[@class='newId btn btn-secondary'] (tried for 20 second(s) with 500 milliseconds interval)\nBuild info: version: '4.32.0', revision: 'd17c8aa950'\nSystem info: os.name: 'Linux', os.arch: 'amd64', os.version: '6.11.0-1018-azure', java.version: '17.0.16'\nDriver info: org.openqa.selenium.chrome.ChromeDriver\nCapabilities {acceptInsecureCerts: false, browserName: chrome, browserVersion: 139.0.7258.66, chrome: {chromedriverVersion: 139.0.7258.66 (a62d32994769..., userDataDir: /tmp/.org.chromium.Chromium...}, fedcm:accounts: true, goog:chromeOptions: {debuggerAddress: localhost:36527}, networkConnectionEnabled: false, pageLoadStrategy: normal, platformName: linux, proxy: Proxy(), se:cdp: ws://localhost:36527/devtoo..., se:cdpVersion: 139.0.7258.66, setWindowRect: true, strictFileInteractability: false, timeouts: {implicit: 0, pageLoad: 300000, script: 30000}, unhandledPromptBehavior: dismiss and notify, webauthn:extension:credBlob: true, webauthn:extension:largeBlob: true, webauthn:extension:minPinLength: true, webauthn:extension:prf: true, webauthn:virtualAuthenticators: true}\nSession ID: d87916b9123f0bbfcad11137e92216cf","statusTrace":"org.openqa.selenium.TimeoutException: Expected condition failed: waiting for text ('New car ID:') to be present in element found by By.xpath: //button[@class='newId btn btn-secondary'] (tried for 20 second(s) with 500 milliseconds interval)\nBuild info: version: '4.32.0', revision: 'd17c8aa950'\nSystem info: os.name: 'Linux', os.arch: 'amd64', os.version: '6.11.0-1018-azure', java.version: '17.0.16'\nDriver info: org.openqa.selenium.chrome.ChromeDriver\nCapabilities {acceptInsecureCerts: false, browserName: chrome, browserVersion: 139.0.7258.66, chrome: {chromedriverVersion: 139.0.7258.66 (a62d32994769..., userDataDir: /tmp/.org.chromium.Chromium...}, fedcm:accounts: true, goog:chromeOptions: {debuggerAddress: localhost:36527}, networkConnectionEnabled: false, pageLoadStrategy: normal, platformName: linux, proxy: Proxy(), se:cdp: ws://localhost:36527/devtoo..., se:cdpVersion: 139.0.7258.66, setWindowRect: true, strictFileInteractability: false, timeouts: {implicit: 0, pageLoad: 300000, script: 30000}, unhandledPromptBehavior: dismiss and notify, webauthn:extension:credBlob: true, webauthn:extension:largeBlob: true, webauthn:extension:minPinLength: true, webauthn:extension:prf: true, webauthn:virtualAuthenticators: true}\nSession ID: d87916b9123f0bbfcad11137e92216cf\n\tat org.openqa.selenium.support.ui.WebDriverWait.timeoutException(WebDriverWait.java:84)\n\tat org.openqa.selenium.support.ui.FluentWait.until(FluentWait.java:228)\n\tat pages.CreateCarsPage.checkMessageIdCar(CreateCarsPage.java:68)\n\tat tests.ui.CarTest.createCar(CarTest.java:28)\n\tat java.base/jdk.internal.reflect.NativeMethodAccessorImpl.invoke0(Native Method)\n\tat java.base/jdk.internal.reflect.NativeMethodAccessorImpl.invoke(NativeMethodAccessorImpl.java:77)\n\tat java.base/jdk.internal.reflect.DelegatingMethodAccessorImpl.invoke(DelegatingMethodAccessorImpl.java:43)\n\tat java.base/java.lang.reflect.Method.invoke(Method.java:569)\n\tat org.testng.internal.invokers.MethodInvocationHelper.invokeMethod(MethodInvocationHelper.java:141)\n\tat org.testng.internal.invokers.TestInvoker.invokeMethod(TestInvoker.java:687)\n\tat org.testng.internal.invokers.TestInvoker.invokeTestMethod(TestInvoker.java:230)\n\tat org.testng.internal.invokers.MethodRunner.runInSequence(MethodRunner.java:63)\n\tat org.testng.internal.invokers.TestInvoker$MethodInvocationAgent.invoke(TestInvoker.java:995)\n\tat org.testng.internal.invokers.TestInvoker.invokeTestMethods(TestInvoker.java:203)\n\tat org.testng.internal.invokers.TestMethodWorker.invokeTestMethods(TestMethodWorker.java:154)\n\tat org.testng.internal.invokers.TestMethodWorker.run(TestMethodWorker.java:134)\n\tat java.base/java.util.ArrayList.forEach(ArrayList.java:1511)\n\tat org.testng.TestRunner.privateRun(TestRunner.java:741)\n\tat org.testng.TestRunner.run(TestRunner.java:616)\n\tat org.testng.SuiteRunner.runTest(SuiteRunner.java:421)\n\tat org.testng.SuiteRunner$SuiteWorker.run(SuiteRunner.java:463)\n\tat org.testng.internal.thread.ThreadUtil.lambda$execute$0(ThreadUtil.java:64)\n\tat java.base/java.util.concurrent.FutureTask.run(FutureTask.java:264)\n\tat java.base/java.util.concurrent.ThreadPoolExecutor.runWorker(ThreadPoolExecutor.java:1136)\n\tat java.base/java.util.concurrent.ThreadPoolExecutor$Worker.run(ThreadPoolExecutor.java:635)\n\tat java.base/java.lang.Thread.run(Thread.java:840)\n","steps":[{"name":"Открытие страницы входа в систему","time":{"start":1755625941988,"stop":1755625943509,"duration":1521},"status":"passed","steps":[],"attachments":[],"parameters":[],"stepsCount":0,"shouldDisplayMessage":false,"attachmentsCount":0,"hasContent":false,"attachmentStep":false},{"name":"Проверка открытия страницы логина","time":{"start":1755625943509,"stop":1755625943523,"duration":14},"status":"passed","steps":[],"attachments":[],"parameters":[],"stepsCount":0,"shouldDisplayMessage":false,"attachmentsCount":0,"hasContent":false,"attachmentStep":false},{"name":"Вход в систему с валидным именем пользователя: user@pflb.ru и валидным паролем: user","time":{"start":1755625943523,"stop":1755625943688,"duration":165},"status":"passed","steps":[],"attachments":[],"parameters":[{"name":"user","value":"user@pflb.ru"},{"name":"password","value":"user"}],"stepsCount":0,"shouldDisplayMessage":false,"attachmentsCount":0,"hasContent":true,"attachmentStep":false},{"name":"Клик по кнопке 'ок' алерта","time":{"start":1755625943688,"stop":1755625944228,"duration":540},"status":"passed","steps":[],"attachments":[],"parameters":[],"stepsCount":0,"shouldDisplayMessage":false,"attachmentsCount":0,"hasContent":false,"attachmentStep":false},{"name":"Проверка открытия страницы логина","time":{"start":1755625944228,"stop":1755625944433,"duration":205},"status":"passed","steps":[],"attachments":[],"parameters":[],"stepsCount":0,"shouldDisplayMessage":false,"attachmentsCount":0,"hasContent":false,"attachmentStep":false},{"name":"Создание Car","time":{"start":1755625944433,"stop":1755625944745,"duration":312},"status":"passed","steps":[{"name":"Открытие страницы создания авто","time":{"start":1755625944433,"stop":1755625944460,"duration":27},"status":"passed","steps":[],"attachments":[],"parameters":[],"stepsCount":0,"shouldDisplayMessage":false,"attachmentsCount":0,"hasContent":false,"attachmentStep":false},{"name":"Проверка открытия страницы","time":{"start":1755625944461,"stop":1755625944472,"duration":11},"status":"passed","steps":[],"attachments":[],"parameters":[],"stepsCount":0,"shouldDisplayMessage":false,"attachmentsCount":0,"hasContent":false,"attachmentStep":false},{"name":"Заполнение карточки авто","time":{"start":1755625944472,"stop":1755625944679,"duration":207},"status":"passed","steps":[],"attachments":[],"parameters":[{"name":"car","value":"Car(engine=Electric, mark=tesla, model=model s, price=1594)"}],"stepsCount":0,"shouldDisplayMessage":false,"attachmentsCount":0,"hasContent":true,"attachmentStep":false},{"name":"Клик по кнопке PUSH TO API","time":{"start":1755625944679,"stop":1755625944745,"duration":66},"status":"passed","steps":[],"attachments":[],"parameters":[],"stepsCount":0,"shouldDisplayMessage":false,"attachmentsCount":0,"hasContent":false,"attachmentStep":false}],"attachments":[],"parameters":[{"name":"car","value":"Car(engine=Electric, mark=tesla, model=model s, price=1594)"}],"stepsCount":4,"shouldDisplayMessage":false,"attachmentsCount":0,"hasContent":true,"attachmentStep":false},{"name":"Проверка сообщения о создании ID авто","time":{"start":1755625944745,"stop":1755625965238,"duration":20493},"status":"broken","statusMessage":"Expected condition failed: waiting for text ('New car ID:') to be present in element found by By.xpath: //button[@class='newId btn btn-secondary'] (tried for 20 second(s) with 500 milliseconds interval)\nBuild info: version: '4.32.0', revision: 'd17c8aa950'\nSystem info: os.name: 'Linux', os.arch: 'amd64', os.version: '6.11.0-1018-azure', java.version: '17.0.16'\nDriver info: org.openqa.selenium.chrome.ChromeDriver\nCapabilities {acceptInsecureCerts: false, browserName: chrome, browserVersion: 139.0.7258.66, chrome: {chromedriverVersion: 139.0.7258.66 (a62d32994769..., userDataDir: /tmp/.org.chromium.Chromium...}, fedcm:accounts: true, goog:chromeOptions: {debuggerAddress: localhost:36527}, networkConnectionEnabled: false, pageLoadStrategy: normal, platformName: linux, proxy: Proxy(), se:cdp: ws://localhost:36527/devtoo..., se:cdpVersion: 139.0.7258.66, setWindowRect: true, strictFileInteractability: false, timeouts: {implicit: 0, pageLoad: 300000, script: 30000}, unhandledPromptBehavior: dismiss and notify, webauthn:extension:credBlob: true, webauthn:extension:largeBlob: true, webauthn:extension:minPinLength: true, webauthn:extension:prf: true, webauthn:virtualAuthenticators: true}\nSession ID: d87916b9123f0bbfcad11137e92216cf","statusTrace":"org.openqa.selenium.TimeoutException: Expected condition failed: waiting for text ('New car ID:') to be present in element found by By.xpath: //button[@class='newId btn btn-secondary'] (tried for 20 second(s) with 500 milliseconds interval)\nBuild info: version: '4.32.0', revision: 'd17c8aa950'\nSystem info: os.name: 'Linux', os.arch: 'amd64', os.version: '6.11.0-1018-azure', java.version: '17.0.16'\nDriver info: org.openqa.selenium.chrome.ChromeDriver\nCapabilities {acceptInsecureCerts: false, browserName: chrome, browserVersion: 139.0.7258.66, chrome: {chromedriverVersion: 139.0.7258.66 (a62d32994769..., userDataDir: /tmp/.org.chromium.Chromium...}, fedcm:accounts: true, goog:chromeOptions: {debuggerAddress: localhost:36527}, networkConnectionEnabled: false, pageLoadStrategy: normal, platformName: linux, proxy: Proxy(), se:cdp: ws://localhost:36527/devtoo..., se:cdpVersion: 139.0.7258.66, setWindowRect: true, strictFileInteractability: false, timeouts: {implicit: 0, pageLoad: 300000, script: 30000}, unhandledPromptBehavior: dismiss and notify, webauthn:extension:credBlob: true, webauthn:extension:largeBlob: true, webauthn:extension:minPinLength: true, webauthn:extension:prf: true, webauthn:virtualAuthenticators: true}\nSession ID: d87916b9123f0bbfcad11137e92216cf\n\tat org.openqa.selenium.support.ui.WebDriverWait.timeoutException(WebDriverWait.java:84)\n\tat org.openqa.selenium.support.ui.FluentWait.until(FluentWait.java:228)\n\tat pages.CreateCarsPage.checkMessageIdCar(CreateCarsPage.java:68)\n\tat tests.ui.CarTest.createCar(CarTest.java:28)\n\tat java.base/jdk.internal.reflect.NativeMethodAccessorImpl.invoke0(Native Method)\n\tat java.base/jdk.internal.reflect.NativeMethodAccessorImpl.invoke(NativeMethodAccessorImpl.java:77)\n\tat java.base/jdk.internal.reflect.DelegatingMethodAccessorImpl.invoke(DelegatingMethodAccessorImpl.java:43)\n\tat java.base/java.lang.reflect.Method.invoke(Method.java:569)\n\tat org.testng.internal.invokers.MethodInvocationHelper.invokeMethod(MethodInvocationHelper.java:141)\n\tat org.testng.internal.invokers.TestInvoker.invokeMethod(TestInvoker.java:687)\n\tat org.testng.internal.invokers.TestInvoker.invokeTestMethod(TestInvoker.java:230)\n\tat org.testng.internal.invokers.MethodRunner.runInSequence(MethodRunner.java:63)\n\tat org.testng.internal.invokers.TestInvoker$MethodInvocationAgent.invoke(TestInvoker.java:995)\n\tat org.testng.internal.invokers.TestInvoker.invokeTestMethods(TestInvoker.java:203)\n\tat org.testng.internal.invokers.TestMethodWorker.invokeTestMethods(TestMethodWorker.java:154)\n\tat org.testng.internal.invokers.TestMethodWorker.run(TestMethodWorker.java:134)\n\tat java.base/java.util.ArrayList.forEach(ArrayList.java:1511)\n\tat org.testng.TestRunner.privateRun(TestRunner.java:741)\n\tat org.testng.TestRunner.run(TestRunner.java:616)\n\tat org.testng.SuiteRunner.runTest(SuiteRunner.java:421)\n\tat org.testng.SuiteRunner$SuiteWorker.run(SuiteRunner.java:463)\n\tat org.testng.internal.thread.ThreadUtil.lambda$execute$0(ThreadUtil.java:64)\n\tat java.base/java.util.concurrent.FutureTask.run(FutureTask.java:264)\n\tat java.base/java.util.concurrent.ThreadPoolExecutor.runWorker(ThreadPoolExecutor.java:1136)\n\tat java.base/java.util.concurrent.ThreadPoolExecutor$Worker.run(ThreadPoolExecutor.java:635)\n\tat java.base/java.lang.Thread.run(Thread.java:840)\n","steps":[],"attachments":[],"parameters":[],"stepsCount":0,"shouldDisplayMessage":true,"attachmentsCount":0,"hasContent":true,"attachmentStep":false}],"attachments":[],"parameters":[],"stepsCount":11,"shouldDisplayMessage":false,"attachmentsCount":0,"hasContent":true,"attachmentStep":false},"afterStages":[{"name":"Закрытие браузера","time":{"start":1755625965240,"stop":1755625965316,"duration":76},"description":"Закрытие браузера","status":"passed","steps":[],"attachments":[],"parameters":[],"stepsCount":0,"shouldDisplayMessage":false,"attachmentsCount":0,"hasContent":false,"attachmentStep":false}],"labels":[{"name":"package","value":"tests.ui.CarTest"},{"name":"testClass","value":"tests.ui.CarTest"},{"name":"testMethod","value":"createCar"},{"name":"parentSuite","value":"DiplomaTeam2 RegressionTest"},{"name":"suite","value":"UI Tests"},{"name":"subSuite","value":"tests.ui.CarTest"},{"name":"host","value":"pkrvmubgrv54qmi"},{"name":"thread","value":"2618@pkrvmubgrv54qmi.TestNG-tests-1(21)"},{"name":"framework","value":"testng"},{"name":"language","value":"java"},{"name":"owner","value":"Biruykov I.D."},{"name":"resultFormat","value":"allure2"}],"parameters":[],"links":[],"hidden":true,"retry":true,"extra":{"categories":[],"tags":[]},"source":"96d0a9130b3b5d81.json","parameterValues":[]}